####<Feb 14, 2012 4:57:45 AM PST> <Info> <Log Management> <kc-app-02.medrec.com> <> <[ACTIVE] ExecuteThread: '0' for queue: 'weblogic.kernel.Default (self-tuning)'> <> <> <> <1329224265929> <BEA-170023> <The Server Logging is initialized with Java Logging API implementation.>
####<Feb 14, 2012 4:57:46 AM PST> <Info> <Diagnostics> <kc-app-02.medrec.com> <MedRec4> <[ACTIVE] ExecuteThread: '0' for queue: 'weblogic.kernel.Default (self-tuning)'> <<WLS Kernel>> <> <> <1329224266196> <BEA-320001> <The ServerDebug service initialized successfully.>
####<Feb 14, 2012 4:57:46 AM PST> <Info> <Server> <kc-app-02.medrec.com> <MedRec4> <[ACTIVE] ExecuteThread: '0' for queue: 'weblogic.kernel.Default (self-tuning)'> <<WLS Kernel>> <> <> <1329224266532> <BEA-002622> <The protocol "t3" is now configured.>
####<Feb 14, 2012 4:57:46 AM PST> <Info> <Server> <kc-app-02.medrec.com> <MedRec4> <[ACTIVE] ExecuteThread: '0' for queue: 'weblogic.kernel.Default (self-tuning)'> <<WLS Kernel>> <> <> <1329224266533> <BEA-002622> <The protocol "t3s" is now configured.>
####<Feb 14, 2012 4:57:46 AM PST> <Info> <Server> <kc-app-02.medrec.com> <MedRec4> <[ACTIVE] ExecuteThread: '0' for queue: 'weblogic.kernel.Default (self-tuning)'> <<WLS Kernel>> <> <> <1329224266533> <BEA-002622> <The protocol "http" is now configured.>
####<Feb 14, 2012 4:57:46 AM PST> <Info> <Server> <kc-app-02.medrec.com> <MedRec4> <[ACTIVE] ExecuteThread: '0' for queue: 'weblogic.kernel.Default (self-tuning)'> <<WLS Kernel>> <> <> <1329224266533> <BEA-002622> <The protocol "https" is now configured.>
####<Feb 14, 2012 4:57:46 AM PST> <Info> <Server> <kc-app-02.medrec.com> <MedRec4> <[ACTIVE] ExecuteThread: '0' for queue: 'weblogic.kernel.Default (self-tuning)'> <<WLS Kernel>> <> <> <1329224266536> <BEA-002622> <The protocol "iiop" is now configured.>
####<Feb 14, 2012 4:57:46 AM PST> <Info> <Server> <kc-app-02.medrec.com> <MedRec4> <[ACTIVE] ExecuteThread: '0' for queue: 'weblogic.kernel.Default (self-tuning)'> <<WLS Kernel>> <> <> <1329224266539> <BEA-002622> <The protocol "iiops" is now configured.>
####<Feb 14, 2012 4:57:46 AM PST> <Info> <Server> <kc-app-02.medrec.com> <MedRec4> <[ACTIVE] ExecuteThread: '0' for queue: 'weblogic.kernel.Default (self-tuning)'> <<WLS Kernel>> <> <> <1329224266541> <BEA-002622> <The protocol "ldap" is now configured.>
####<Feb 14, 2012 4:57:46 AM PST> <Info> <Server> <kc-app-02.medrec.com> <MedRec4> <[ACTIVE] ExecuteThread: '0' for queue: 'weblogic.kernel.Default (self-tuning)'> <<WLS Kernel>> <> <> <1329224266543> <BEA-002622> <The protocol "ldaps" is now configured.>
####<Feb 14, 2012 4:57:46 AM PST> <Info> <Server> <kc-app-02.medrec.com> <MedRec4> <[ACTIVE] ExecuteThread: '0' for queue: 'weblogic.kernel.Default (self-tuning)'> <<WLS Kernel>> <> <> <1329224266554> <BEA-002622> <The protocol "cluster" is now configured.>
####<Feb 14, 2012 4:57:46 AM PST> <Info> <Server> <kc-app-02.medrec.com> <MedRec4> <[ACTIVE] ExecuteThread: '0' for queue: 'weblogic.kernel.Default (self-tuning)'> <<WLS Kernel>> <> <> <1329224266557> <BEA-002622> <The protocol "clusters" is now configured.>
####<Feb 14, 2012 4:57:46 AM PST> <Info> <Server> <kc-app-02.medrec.com> <MedRec4> <[ACTIVE] ExecuteThread: '0' for queue: 'weblogic.kernel.Default (self-tuning)'> <<WLS Kernel>> <> <> <1329224266573> <BEA-002622> <The protocol "snmp" is now configured.>
####<Feb 14, 2012 4:57:46 AM PST> <Info> <Server> <kc-app-02.medrec.com> <MedRec4> <[ACTIVE] ExecuteThread: '0' for queue: 'weblogic.kernel.Default (self-tuning)'> <<WLS Kernel>> <> <> <1329224266573> <BEA-002622> <The protocol "admin" is now configured.>
####<Feb 14, 2012 4:57:46 AM PST> <Info> <Server> <kc-app-02.medrec.com> <MedRec4> <[ACTIVE] ExecuteThread: '0' for queue: 'weblogic.kernel.Default (self-tuning)'> <<WLS Kernel>> <> <> <1329224266575> <BEA-002624> <The administration protocol is "t3s" and is now configured.>
####<Feb 14, 2012 4:57:46 AM PST> <Info> <Server> <kc-app-02.medrec.com> <MedRec4> <[ACTIVE] ExecuteThread: '0' for queue: 'weblogic.kernel.Default (self-tuning)'> <<WLS Kernel>> <> <> <1329224266837> <BEA-002609> <Channel Service initialized.>
####<Feb 14, 2012 4:57:46 AM PST> <Info> <Socket> <kc-app-02.medrec.com> <MedRec4> <[ACTIVE] ExecuteThread: '0' for queue: 'weblogic.kernel.Default (self-tuning)'> <<WLS Kernel>> <> <> <1329224266986> <BEA-000436> <Allocating 4 reader threads.>
####<Feb 14, 2012 4:57:46 AM PST> <Info> <Socket> <kc-app-02.medrec.com> <MedRec4> <[ACTIVE] ExecuteThread: '0' for queue: 'weblogic.kernel.Default (self-tuning)'> <<WLS Kernel>> <> <> <1329224266993> <BEA-000446> <Native IO Enabled.>
####<Feb 14, 2012 4:57:47 AM PST> <Info> <IIOP> <kc-app-02.medrec.com> <MedRec4> <[ACTIVE] ExecuteThread: '0' for queue: 'weblogic
####<Feb 14, 2012 4:58:16 AM PST> <Info> <JMS> <kc-app-02.medrec.com> <MedRec4> <[ACTIVE] ExecuteThread: '1' for queue: 'weblogic.kernel.Default (self-tuning)'> <<WLS Kernel>> <> <> <1329224296591> <BEA-040407> <Default connection factory "DefaultConnectionFactory" with its JNDI name "weblogic.jms.ConnectionFactory" is started.>
####<Feb 14, 2012 4:58:16 AM PST> <Info> <JMS> <kc-app-02.medrec.com> <MedRec4> <[ACTIVE] ExecuteThread: '1' for queue: 'weblogic.kernel.Default (self-tuning)'> <<WLS Kernel>> <> <> <1329224296592> <BEA-040407> <Default connection factory "TopicConnectionFactory" with its JNDI name "javax.jms.TopicConnectionFactory" is started.>
####<Feb 14, 2012 4:58:16 AM PST> <Info> <JMS> <kc-app-02.medrec.com> <MedRec4> <[ACTIVE] ExecuteThread: '1' for queue: 'weblogic.kernel.Default (self-tuning)'> <<WLS Kernel>> <> <> <1329224296592> <BEA-040407> <Default connection factory "DefaultXAConnectionFactory" with its JNDI name "weblogic.jms.XAConnectionFactory" is started.>
####<Feb 14, 2012 4:58:16 AM PST> <Info> <JMS> <kc-app-02.medrec.com> <MedRec4> <[ACTIVE] ExecuteThread: '1' for queue: 'weblogic.kernel.Default (self-tuning)'> <<WLS Kernel>> <> <> <1329224296592> <BEA-040407> <Default connection factory "DefaultXAConnectionFactory0" with its JNDI name "weblogic.jms.XAConnectionFactory0" is started.>
####<Feb 14, 2012 4:58:16 AM PST> <Info> <JMS> <kc-app-02.medrec.com> <MedRec4> <[ACTIVE] ExecuteThread: '1' for queue: 'weblogic.kernel.Default (self-tuning)'> <<WLS Kernel>> <> <> <1329224296592> <BEA-040407> <Default connection factory "QueueConnectionFactory" with its JNDI name "javax.jms.QueueConnectionFactory" is started.>
####<Feb 14, 2012 4:58:16 AM PST> <Info> <JMS> <kc-app-02.medrec.com> <MedRec4> <[ACTIVE] ExecuteThread: '1' for queue: 'weblogic.kernel.Default (self-tuning)'> <<WLS Kernel>> <> <> <1329224296592> <BEA-040407> <Default connection factory "DefaultXAConnectionFactory1" with its JNDI name "weblogic.jms.XAConnectionFactory1" is started.>
####<Feb 14, 2012 4:58:16 AM PST> <Info> <JMS> <kc-app-02.medrec.com> <MedRec4> <[ACTIVE] ExecuteThread: '1' for queue: 'weblogic.kernel.Default (self-tuning)'> <<WLS Kernel>> <> <> <1329224296596> <BEA-040306> <JMS service is active now.>
####<Feb 14, 2012 4:58:16 AM PST> <Info> <HTTP> <kc-app-02.medrec.com> <MedRec4> <[ACTIVE] ExecuteThread: '1' for queue: 'weblogic.kernel.Default (self-tuning)'> <<WLS Kernel>> <> <> <1329224296768> <BEA-101128> <Initializing HTTP services.>
####<Feb 14, 2012 4:58:16 AM PST> <Info> <HTTP> <kc-app-02.medrec.com> <MedRec4> <[ACTIVE] ExecuteThread: '1' for queue: 'weblogic.kernel.Default (self-tuning)'> <<WLS Kernel>> <> <> <1329224296849> <BEA-101135> <MedRec4 is the default Web server.>
####<Feb 14, 2012 4:58:16 AM PST> <Info> <HTTP> <kc-app-02.medrec.com> <MedRec4> <[ACTIVE] ExecuteThread: '1' for queue: 'weblogic.kernel.Default (self-tuning)'> <<WLS Kernel>> <> <> <1329224296859> <BEA-101129> <Initializing the Web application container.>
####<Feb 14, 2012 4:58:17 AM PST> <Info> <WTC> <kc-app-02.medrec.com> <MedRec4> <[ACTIVE] ExecuteThread: '1' for queue: 'weblogic.kernel.Default (self-tuning)'> <<WLS Kernel>> <> <> <1329224297029> <BEA-180046> <INFO: Logging service enabled.>
####<Feb 14, 2012 4:58:17 AM PST> <Info> <WTC> <kc-app-02.medrec.com> <MedRec4> <[ACTIVE] ExecuteThread: '1' for queue: 'weblogic.kernel.Default (self-tuning)'> <<WLS Kernel>> <> <> <1329224297036> <BEA-180046> <INFO: TC Configuration Helper instantiated!>
####<Feb 14, 2012 4:58:17 AM PST> <Info> <WTC> <kc-app-02.medrec.com> <MedRec4> <[ACTIVE] ExecuteThread: '1' for queue: 'weblogic.kernel.Default (self-tuning)'> <<WLS Kernel>> <> <> <1329224297037> <BEA-180046> <INFO: TC Task Manager instantiated!>
####<Feb 14, 2012 4:58:17 AM PST> <Info> <WTC> <kc-app-02.medrec.com> <MedRec4> <[ACTIVE] ExecuteThread: '1' for queue: 'weblogic.kernel.Default (self-tuning)'> <<WLS Kernel>> <> <> <1329224297046> <BEA-180046> <INFO: TC security service instantiated!>
####<Feb 14, 2012 4:58:17 AM PST> <Info> <WTC> <kc-app-02.medrec.com> <MedRec4> <[ACTIVE] ExecuteThread: '1' for queue: 'weblogic.kernel.Default (self-tuning)'> <<WLS Kernel>> <> <> <1329224297050> <BEA-180046> <INFO: TC Outbound routing service instantiated!>
####<Feb 14, 2012 4:58:17 AM PST> <Info> <WTC> <kc-app-02.medrec.com> <MedRec4> <[ACTIVE] ExecuteThread: '1' for queue: 'weblogic.kernel.Default (self-tuning)'> <<WLS Kernel>> <> <> <1329224297056> <BEA-180046> <INFO: TC Transaction service instantiated!>
####<Feb 14, 2012 4:58:17 AM PST> <Info> <WebService> <kc-app-02.medrec.com> <MedRec4> <[ACTIVE] ExecuteThread: '1' for queue: 'weblogic.kernel.Default (self-tuning)'> <<WLS Kernel>> <> <> <1329224297108> <BEA-220031> <The server does not support reliable SOAP messaging.>
####<Feb 14, 2012 4:58:17 AM PST> <Info> <WebService> <kc-app-02.medrec.com> <MedRec4> <[ACTIVE] ExecuteThread: '1' for queue: 'weblogic.kernel.Default (self-tuning)'> <<WLS Kernel>> <> <> <1329224297109> <BEA-220027> <Web Service reliable agents are started on the server.>
####<Feb 14, 2012 4:58:18 AM PST> <Info> <JMX> <kc-app-02.medrec.com> <MedRec4> <[ACTIVE] ExecuteThread: '1' for queue: 'weblogic.kernel.Default (self-tuning)'> <<WLS Kernel>> <> <> <1329224298308> <BEA-149512> <JMX Connector Server started at service:jmx:iiop://kc-app-02.medrec.com:7001/jndi/weblogic.management.mbeanservers.runtime .>
####<Feb 14, 2012 4:58:18 AM PST> <Info> <JMX> <kc-app-02.medrec.com> <MedRec4> <[ACTIVE] ExecuteThread: '1' for queue: 'weblogic.kernel.Default (self-tuning)'> <<WLS Kernel>> <> <> <1329224298332> <BEA-149512> <JMX Connector Server started at service:jmx:iiop://kc-app-02.medrec.com:7001/jndi/weblogic.management.mbeanservers.edit .>
####<Feb 14, 2012 4:58:18 AM PST> <Info> <JMX> <kc-app-02.medrec.com> <MedRec4> <[ACTIVE] ExecuteThread: '1' for queue: 'weblogic..kernel.Default (self-tuning)'> <<WLS Kernel>> <> <> <1329224267700> <BEA-002014> <IIOP subsystem enabled.>
####<Feb 14, 2012 4:58:01 AM PST> <Info> <Security> <kc-app-02.medrec.com> <MedRec4> <[ACTIVE] ExecuteThread: '0' for queue: 'weblogic.kernel.Default (self-tuning)'> <<WLS Kernel>> <> <> <1329224281711> <BEA-090894> <Successfully loaded the OPSS Policy Provider using oracle.security.jps.internal.policystore.JavaPolicyProvider.>
####<Feb 14, 2012 4:58:04 AM PST> <Info> <Security> <kc-app-02.medrec.com> <MedRec4> <[ACTIVE] ExecuteThread: '0' for queue: 'weblogic.kernel.Default (self-tuning)'> <<WLS Kernel>> <> <> <1329224284757> <BEA-000000> <StoreServiceImpl.initJDO - StoreService is initializedwith Id = ldap_7VT6qbfYvlul5g/KULGWEAotl+M=>
####<Feb 14, 2012 4:58:05 AM PST> <Info> <Security> <kc-app-02.medrec.com> <MedRec4> <[ACTIVE] ExecuteThread: '0' for queue: 'weblogic.kernel.Default (self-tuning)'> <<WLS Kernel>> <> <> <1329224285181> <BEA-090516> <The Authenticator provider has preexisting LDAP data.>
####<Feb 14, 2012 4:58:06 AM PST> <Info> <Security> <kc-app-02.medrec.com> <MedRec4> <[ACTIVE] ExecuteThread: '0' for queue: 'weblogic.kernel.Default (self-tuning)'> <<WLS Kernel>> <> <> <1329224286642> <BEA-090516> <The Authorizer provider has preexisting LDAP data.>
####<Feb 14, 2012 4:58:09 AM PST> <Info> <Security> <kc-app-02.medrec.com> <MedRec4> <[ACTIVE] ExecuteThread: '0' for queue: 'weblogic.kernel.Default (self-tuning)'> <<WLS Kernel>> <> <> <1329224289413> <BEA-090516> <The CredentialMapper provider has preexisting LDAP data.>
####<Feb 14, 2012 4:58:09 AM PST> <Info> <Security> <kc-app-02.medrec.com> <MedRec4> <[ACTIVE] ExecuteThread: '0' for queue: 'weblogic.kernel.Default (self-tuning)'> <<WLS Kernel>> <> <> <1329224289453> <BEA-090516> <The RoleMapper provider has preexisting LDAP data.>
####<Feb 14, 2012 4:58:10 AM PST> <Info> <Security> <kc-app-02.medrec.com> <MedRec4> <[ACTIVE] ExecuteThread: '0' for queue: 'weblogic.kernel.Default (self-tuning)'> <<WLS Kernel>> <> <> <1329224290368> <BEA-090093> <No pre-WLS 8.1 Keystore providers are configured for server MedRec4 for security realm myrealm.>
####<Feb 14, 2012 4:58:10 AM PST> <Notice> <Security> <kc-app-02.medrec.com> <MedRec4> <[ACTIVE] ExecuteThread: '0' for queue: 'weblogic.kernel.Default (self-tuning)'> <<WLS Kernel>> <> <> <1329224290370> <BEA-090082> <Security initializing using security realm myrealm.>
####<Feb 14, 2012 4:58:13 AM PST> <Info> <Server> <kc-app-02.medrec.com> <MedRec4> <[ACTIVE] ExecuteThread: '0' for queue: 'weblogic.kernel.Default (self-tuning)'> <<WLS Kernel>> <> <> <1329224293081> <BEA-002622> <The protocol "[snmp, https, t3, cluster-broadcast-secure, ldaps, cluster-broadcast, ldap, http, iiop, admin, t3s, iiops]" is now configured.>
####<Feb 14, 2012 4:58:13 AM PST> <Info> <XML> <kc-app-02.medrec.com> <MedRec4> <[ACTIVE] ExecuteThread: '0' for queue: 'weblogic.kernel.Default (self-tuning)'> <<WLS Kernel>> <> <> <1329224293166> <BEA-130036> <Initializing XMLRegistry.>
####<Feb 14, 2012 4:58:13 AM PST> <Info> <messaging.interception> <kc-app-02.medrec.com> <MedRec4> <[ACTIVE] ExecuteThread: '0' for queue: 'weblogic.kernel.Default (self-tuning)'> <<WLS Kernel>> <> <> <1329224293206> <BEA-400000> <Initializing message interception service>
####<Feb 14, 2012 4:58:14 AM PST> <Info> <Store> <kc-app-02.medrec.com> <MedRec4> <[ACTIVE] ExecuteThread: '0' for queue: 'weblogi
####<Feb 14, 2012 4:58:15 AM PST> <Info> <Store> <kc-app-02.medrec.com> <MedRec4> <[ACTIVE] ExecuteThread: '0' for queue: 'weblogic.kernel.Default (self-tuning)'> <<WLS Kernel>> <> <> <1329224295114> <BEA-280009> <The persistent file store "_WLS_MedRec4" (07d9e4f9-7aae-4c4d-b9a8-8ec087821801) has been opened: blockSize=512 actualWritePolicy="Direct-Write(read-buffered)" explicitIOEnforced=false records=255.>
####<Feb 14, 2012 4:58:15 AM PST> <Info> <JDBC> <kc-app-02.medrec.com> <MedRec4> <[ACTIVE] ExecuteThread: '0' for queue: 'weblogic.kernel.Default (self-tuning)'> <<WLS Kernel>> <> <> <1329224295736> <BEA-001135> <Initializing the JDBC service.>
####<Feb 14, 2012 4:58:15 AM PST> <Info> <JDBC> <kc-app-02.medrec.com> <MedRec4> <[ACTIVE] ExecuteThread: '0' for queue: 'weblogic.kernel.Default (self-tuning)'> <<WLS Kernel>> <> <> <1329224295800> <BEA-001137> <Initialization complete.>
####<Feb 14, 2012 4:58:15 AM PST> <Info> <JDBC> <kc-app-02.medrec.com> <MedRec4> <[ACTIVE] ExecuteThread: '0' for queue: 'weblogic.kernel.Default (self-tuning)'> <<WLS Kernel>> <> <> <1329224295801> <BEA-001138> <Resuming the JDBC service.>
####<Feb 14, 2012 4:58:15 AM PST> <Info> <JDBC> <kc-app-02.medrec.com> <MedRec4> <[ACTIVE] ExecuteThread: '0' for queue: 'weblogic.kernel.Default (self-tuning)'> <<WLS Kernel>> <> <> <1329224295809> <BEA-001140> <Resume complete.>
####<Feb 14, 2012 4:58:15 AM PST> <Info> <Connector> <kc-app-02.medrec.com> <MedRec4> <[ACTIVE] ExecuteThread: '1' for queue: 'weblogic.kernel.Default (self-tuning)'> <<WLS Kernel>> <> <> <1329224295975> <BEA-190000> <Initializing J2EE Connector Service......>
####<Feb 14, 2012 4:58:15 AM PST> <Info> <Connector> <kc-app-02.medrec.com> <MedRec4> <[ACTIVE] ExecuteThread: '1' for queue: 'weblogic.kernel.Default (self-tuning)'> <<WLS Kernel>> <> <> <1329224295981> <BEA-190001> <J2EE Connector Service initialized successfully>
####<Feb 14, 2012 4:58:16 AM PST> <Info> <JMS> <kc-app-02.medrec.com> <MedRec4> <[ACTIVE] ExecuteThread: '1' for queue: 'weblogic.kernel.Default (self-tuning)'> <<WLS Kernel>> <> <> <1329224296392> <BEA-040305> <JMS service is initialized and in standby mode.>
####<Feb 14, 2012 4:58:16 AM PST> <Info> <JMS> <kc-app-02.medrec.com> <MedRec4> <[ACTIVE] ExecuteThread: '1' for queue: 'weblogic.kernel.Default (self-tuning)'> <<WLS Kernel>> <> <> <1329224296576> <BEA-040090> <Deployed 8 default connection factories.>
####<Feb 14, 2012 4:58:16 AM PST> <Info> <JMS> <kc-app-02.medrec.com> <MedRec4> <[ACTIVE] ExecuteThread: '1' for queue: 'weblogic.kernel.Default (self-tuning)'> <<WLS Kernel>> <> <> <1329224296591> <BEA-040407> <Default connection factory "DefaultXAConnectionFactory2" with its JNDI name "weblogic.jms.XAConnectionFactory2" is started.>
####<Feb 14, 2012 4:58:16 AM PST> <Info> <JMS> <kc-app-02.medrec.com> <MedRec4> <[ACTIVE] ExecuteThread: '1' for queue: 'weblogic.
####<Feb 14, 2012 4:58:18 AM PST> <Info> <WebLogicServer> <kc-app-02.medrec.com> <MedRec4> <[ACTIVE] ExecuteThread: '1' for queue: 'weblogic.kernel.Default (self-tuning)'> <<WLS Kernel>> <> <> <1329224298467> <BEA-000256> <Invoking oracle.jrf.wls.JRFStartup.main(null)>
####<Feb 14, 2012 4:58:18 AM PST> <Info> <WebLogicServer> <kc-app-02.medrec.com> <MedRec4> <[ACTIVE] ExecuteThread: '1' for queue: 'weblogic.kernel.Default (self-tuning)'> <<WLS Kernel>> <> <> <1329224298620> <BEA-000256> <Invoking oracle.security.jps.wls.JpsWlsStartupClass.main(null)>
####<Feb 14, 2012 4:58:18 AM PST> <Info> <WebLogicServer> <kc-app-02.medrec.com> <MedRec4> <[ACTIVE] ExecuteThread: '1' for queue: 'weblogic.kernel.Default (self-tuning)'> <<WLS Kernel>> <> <> <1329224298735> <BEA-000256> <Invoking oracle.core.ojdl.weblogic.ODLConfiguration.main(null)>
####<Feb 14, 2012 4:58:27 AM PST> <Info> <WebLogicServer> <kc-app-02.medrec.com> <MedRec4> <[ACTIVE] ExecuteThread: '1' for queue: 'weblogic.kernel.Default (self-tuning)'> <<WLS Kernel>> <> <> <1329224307055> <BEA-000256> <Invoking oracle.jrf.AppContextStartup.main(null)>
####<Feb 14, 2012 4:58:27 AM PST> <Info> <WebLogicServer> <kc-app-02.medrec.com> <MedRec4> <[ACTIVE] ExecuteThread: '1' for queue: 'weblogic.kernel.Default (self-tuning)'> <<WLS Kernel>> <> <> <1329224307059> <BEA-000256> <Invoking oracle.as.jmx.framework.wls.spi.StartupListener.main(null)>
####<Feb 14, 2012 4:58:27 AM PST> <Info> <WebLogicServer> <kc-app-02.medrec.com> <MedRec4> <[ACTIVE] ExecuteThread: '1' for queue: 'weblogic.kernel.Default (self-tuning)'> <<WLS Kernel>> <> <> <1329224307091> <BEA-000256> <Invoking oracle.j2ee.ws.server.WebServiceServerStartup.main(null)>
####<Feb 14, 2012 4:58:27 AM PST> <Info> <WebLogicServer> <kc-app-02.medrec.com> <MedRec4> <[ACTIVE] ExecuteThread: '1' for queue: 'weblogic.kernel.Default (self-tuning)'> <<WLS Kernel>> <> <> <1329224307135> <BEA-000256> <Invoking oracle.ias.cache.Startup.main(null)>
####<Feb 14, 2012 4:58:27 AM PST> <Info> <WebLogicServer> <kc-app-02.medrec.com> <MedRec4> <[ACTIVE] ExecuteThread: '1' for queue: 'weblogic.kernel.Default (self-tuning)'> <<WLS Kernel>> <> <> <1329224307138> <BEA-000256> <Invoking oracle.dms.wls.DMSStartup.main(null)>
####<Feb 14, 2012 4:58:28 AM PST> <Info> <Management> <kc-app-02.medrec.com> <MedRec4> <[ACTIVE] ExecuteThread: '1' for queue: 'weblogic.kernel.Default (self-tuning)'> <<WLS Kernel>> <> <> <1329224308591> <BEA-141278> <Java entropy configuration is: System property "java.security.egd= null"; JRE's java.security file property "securerandom.source= file:/dev/urandom"; Blocking Config= false; JDK version= 1.6.0_26; Operating System= Linux.>
####<Feb 14, 2012 4:58:28 AM PST> <Info> <Management> <kc-app-02.medrec.com> <MedRec4> <[ACTIVE] ExecuteThread: '1' for queue: 'weblogic.kernel.Default (self-tuning)'> <<WLS Kernel>> <> <> <1329224308594> <BEA-141280> <Detected NON-BLOCKING java entropy configuration. This setting will provide the best performance on machines with few sources of entropy, but is less secure than a blocking entropy configuration.>
####<Dec 3, 2012 4:17:59 PM PST> <Error> <Usermgmt> <kc-app-02.medrec.com> <MedRec4> <[ACTIVE] ExecuteThread: '0' for queue: 'weblogic.kernel.Default (self-tuning)'> <weblogic> <> <ad14b964816c6785:2f79bc09:13b620963ff:-8000-00000000000001fe> <1354580279446> <BEA-402328> <Error occurred obtaining or using cursor to read users: java.lang.RuntimeException: netscape.ldap.LDAPException: error result (4); Sizelimit exceeded.java.lang.RuntimeException: netscape.ldap.LDAPException: error result (4); Sizelimit exceeded        
        at weblogic.security.providers.authentication.LDAPAtnNameList.handleUnexpectedLDAPException(LDAPAtnNameList.java:179)
        at weblogic.security.providers.authentication.LDAPAtnNameList.advance(LDAPAtnNameList.java:106)
        at weblogic.security.providers.authentication.LDAPAtnUsersNameList.advance(LDAPAtnUsersNameList.java:15)
        at weblogic.security.providers.utils.ListerManager.advance(ListerManager.java:233)
        at weblogic.security.providers.authentication.LDAPAtnDelegate.advance(LDAPAtnDelegate.java:1201)
        at weblogic.security.providers.authentication.LDAPAuthenticatorImpl.advance(LDAPAuthenticatorImpl.java:67)
        at weblogic.security.providers.authentication.OracleInternetDirectoryAuthenticatorMBeanImpl.advance(OracleInternetDirectoryAuthenticat
####<Dec 3, 2012 4:17:59 PM PST> <Error> <Usermgmt> <kc-app-02.medrec.com> <MedRec4> <[ACTIVE] ExecuteThread: '0' for queue: 'weblogic.kernel.Default (self-tuning)'> <weblogic> <> <ad14b964816c6785:2f79bc09:13b620963ff:-8000-00000000000001fe> <1354580279446> <BEA-402328> <Error occurred obtaining or using cursor to read users: java.lang.RuntimeException: netscape.ldap.LDAPException: error result (4); Sizelimit exceeded.java.lang.RuntimeException: netscape.ldap.LDAPException: error result (4); Sizelimit exceeded        
        at weblogic.security.providers.authentication.LDAPAtnNameList.handleUnexpectedLDAPException(LDAPAtnNameList.java:179)
        at weblogic.security.providers.authentication.LDAPAtnNameList.advance(LDAPAtnNameList.java:106)
        at weblogic.security.providers.authentication.LDAPAtnUsersNameList.advance(LDAPAtnUsersNameList.java:15)
        at weblogic.security.providers.utils.ListerManager.advance(ListerManager.java:233)
        at weblogic.security.providers.authentication.LDAPAtnDelegate.advance(LDAPAtnDelegate.java:1201)
        at weblogic.security.providers.authentication.LDAPAuthenticatorImpl.advance(LDAPAuthenticatorImpl.java:67)
        at weblogic.security.providers.authentication.OracleInternetDirectoryAuthenticatorMBeanImpl.advance(OracleInternetDirectoryAuthenticat
####<Dec 3, 2012 4:17:59 PM PST> <Error> <Usermgmt> <kc-app-02.medrec.com> <MedRec4> <[ACTIVE] ExecuteThread: '0' for queue: 'weblogic.kernel.Default (self-tuning)'> <weblogic> <> <ad14b964816c6785:2f79bc09:13b620963ff:-8000-00000000000001fe> <1354580279446> <BEA-402328> <Error occurred obtaining or using cursor to read users: java.lang.RuntimeException: netscape.ldap.LDAPException: error result (4); Sizelimit exceeded.java.lang.RuntimeException: netscape.ldap.LDAPException: error result (4); Sizelimit exceeded        
        at weblogic.security.providers.authentication.LDAPAtnNameList.handleUnexpectedLDAPException(LDAPAtnNameList.java:179)
        at weblogic.security.providers.authentication.LDAPAtnNameList.advance(LDAPAtnNameList.java:106)
        at weblogic.security.providers.authentication.LDAPAtnUsersNameList.advance(LDAPAtnUsersNameList.java:15)
        at weblogic.security.providers.utils.ListerManager.advance(ListerManager.java:233)
        at weblogic.security.providers.authentication.LDAPAtnDelegate.advance(LDAPAtnDelegate.java:1201)
        at weblogic.security.providers.authentication.LDAPAuthenticatorImpl.advance(LDAPAuthenticatorImpl.java:67)
        at weblogic.security.providers.authentication.OracleInternetDirectoryAuthenticatorMBeanImpl.advance(OracleInternetDirectoryAuthenticat
####<Dec 3, 2012 4:17:59 PM PST> <Error> <Usermgmt> <kc-app-02.medrec.com> <MedRec4> <[ACTIVE] ExecuteThread: '0' for queue: 'weblogic.kernel.Default (self-tuning)'> <weblogic> <> <ad14b964816c6785:2f79bc09:13b620963ff:-8000-00000000000001fe> <1354580279446> <BEA-402328> <Error occurred obtaining or using cursor to read users: java.lang.RuntimeException: netscape.ldap.LDAPException: error result (4); Sizelimit exceeded.java.lang.RuntimeException: netscape.ldap.LDAPException: error result (4); Sizelimit exceeded        
        at weblogic.security.providers.authentication.LDAPAtnNameList.handleUnexpectedLDAPException(LDAPAtnNameList.java:179)
        at weblogic.security.providers.authentication.LDAPAtnNameList.advance(LDAPAtnNameList.java:106)
        at weblogic.security.providers.authentication.LDAPAtnUsersNameList.advance(LDAPAtnUsersNameList.java:15)
        at weblogic.security.providers.utils.ListerManager.advance(ListerManager.java:233)
        at weblogic.security.providers.authentication.LDAPAtnDelegate.advance(LDAPAtnDelegate.java:1201)
        at weblogic.security.providers.authentication.LDAPAuthenticatorImpl.advance(LDAPAuthenticatorImpl.java:67)
        at weblogic.security.providers.authentication.OracleInternetDirectoryAuthenticatorMBeanImpl.advance(OracleInternetDirectoryAuthenticat
####<Dec 4, 2012 1:39:11 AM PST> <Warning> <Socket> <kc-app-02.medrec.com> <MedRec4> <[ACTIVE] ExecuteThread: '0' for queue: 'weblogic.kernel.Default (self-tuning)'> <<WLS Kernel>> <> <ad14b964816c6785:2f79bc09:13b620963ff:-8000-00000000000004ca> <1354613951999> <BEA-000449> <Closing socket as no data read from it on 10.135.6.152:3,019 during the configured idle timeout of 5 secs>d####<Dec 4, 2012 5:26:02 PM PST> <Warning> <Socket> <kc-app-02.medrec.com> <MedRec4> <ExecuteThread: '1' for queue: 'weblogic.socket.Muxer'> <<WLS Kernel>> <> <ad14b964816c6785:2f79bc09:13b620963ff:-8000-00000000000008ae> <1354670762001> <BEA-000450> <Socket 4 internal data record unavailable (probable closure due idle timeout), event received 17>
####<Dec 4, 2012 5:26:02 PM PST> <Warning> <Socket> <kc-app-02.medrec.com> <MedRec4> <ExecuteThread: '1' for queue: 'weblogic.socket.Muxer'> <<WLS Kernel>> <> <ad14b964816c6785:2f79bc09:13b620963ff:-8000-00000000000008ae> <1354670762001> <BEA-000450> <Socket 4 internal data record unavailable (probable closure due idle timeout), event received 17>
####<Dec 4, 2012 5:26:02 PM PST> <Warning> <Socket> <kc-app-02.medrec.com> <MedRec4> <ExecuteThread: '1' for queue: 'weblogic.socket.Muxer'> <<WLS Kernel>> <> <ad14b964816c6785:2f79bc09:13b620963ff:-8000-00000000000008ae> <1354670762001> <BEA-000450> <Socket 4 internal data record unavailable (probable closure due idle timeout), event received 17>
####<Dec 4, 2012 5:26:02 PM PST> <Warning> <Socket> <kc-app-02.medrec.com> <MedRec4> <ExecuteThread: '1' for queue: 'weblogic.socket.Muxer'> <<WLS Kernel>> <> <ad14b964816c6785:2f79bc09:13b620963ff:-8000-00000000000008ae> <1354670762001> <BEA-000450> <Socket 4 internal data record unavailable (probable closure due idle timeout), event received 17>
