timestamp=Jan 13, 2013 10:23:19 PM EST|domain=mydomain|server=myserver1|server_state=RUNNING|server_health=Component:ServerRuntime,State:HEALTH_OK,MBean:myserver1,ReasonCode:[]
timestamp=Jan 13, 2013 10:23:20 PM EST|domain=mydomain|server=myserver1|heap_size_current=3145728000|heap_free_current=1265620184|heap_free_percent=40
timestamp=Jan 13, 2013 10:23:20 PM EST|domain=mydomain|server=myserver1|throughput=12.987012987012987|total_threads=17|completed_reqs=36102880|hogging_threads=0|pending_reqs=0
timestamp=Jan 13, 2013 10:23:20 PM EST|domain=mydomain|server=myserver1|jms_server=JMSServer1|jms_current_messages_count=0|jms_pending_messages_count=0|jms_current_connection_count=29
timestamp=Jan 13, 2013 10:23:20 PM EST|domain=mydomain|server=myserver1|jms_server=JMSServer2|jms_current_messages_count=0|jms_pending_messages_count=0|jms_current_connection_count=29
timestamp=Jan 13, 2013 10:23:20 PM EST|domain=mydomain|server=myserver1|jdbc_datasource_name=wls_rac3|jdbc_active_connection_count=0|jdbc_connection_waiting_count=0|jdbc_available_connections=1
timestamp=Jan 13, 2013 10:23:21 PM EST|domain=mydomain|server=myserver1|jdbc_datasource_name=wls_rac4|jdbc_active_connection_count=0|jdbc_connection_waiting_count=0|jdbc_available_connections=1
timestamp=Jan 13, 2013 10:23:21 PM EST|domain=mydomain|server=myserver1|jdbc_datasource_name=wls_rac2|jdbc_active_connection_count=0|jdbc_connection_waiting_count=0|jdbc_available_connections=1
timestamp=Jan 13, 2013 10:23:21 PM EST|domain=mydomain|server=myserver1|jdbc_datasource_name=wls_rac1|jdbc_active_connection_count=0|jdbc_connection_waiting_count=0|jdbc_available_connections=1
timestamp=Jan 13, 2013 10:23:21 PM EST|domain=mydomain|server=AdminServer|server_state=RUNNING|server_health=Component:ServerRuntime,State:HEALTH_OK,MBean:AdminServer,ReasonCode:[]
timestamp=Jan 13, 2013 10:23:21 PM EST|domain=mydomain|server=AdminServer|heap_size_current=3145728000|heap_free_current=1296767392|heap_free_percent=41
timestamp=Jan 13, 2013 10:23:21 PM EST|domain=mydomain|server=AdminServer|throughput=29.97002997002997|total_threads=21|completed_reqs=33778098|hogging_threads=0|pending_reqs=0
timestamp=Jan 13, 2013 10:23:21 PM EST|domain=mydomain|server=AdminServer|jdbc_datasource_name=wls_rac5|jdbc_active_connection_count=0|jdbc_connection_waiting_count=0|jdbc_available_connections=5
timestamp=Jan 13, 2013 10:23:21 PM EST|domain=mydomain|server=AdminServer|jdbc_datasource_name=wls_rac2|jdbc_active_connection_count=0|jdbc_connection_waiting_count=0|jdbc_available_connections=1
timestamp=Jan 13, 2013 10:23:21 PM EST|domain=mydomain|server=AdminServer|jdbc_datasource_name=wls_rac1|jdbc_active_connection_count=0|jdbc_connection_waiting_count=0|jdbc_available_connections=1
timestamp=Jan 13, 2013 10:23:21 PM EST|domain=mydomain|server=myserver2|serv	er_state=RUNNING|server_health=Component:ServerRuntime,State:HEALTH_OK,MBean:myserver2,ReasonCode:[]
timestamp=Jan 13, 2013 10:23:21 PM EST|domain=mydomain|server=myserver2|heap_size_current=3145728000|heap_free_current=421843312|heap_free_percent=13
timestamp=Jan 13, 2013 10:23:21 PM EST|domain=mydomain|server=myserver2|throughput=15.484515484515484|total_threads=17|completed_reqs=33143413|hogging_threads=0|pending_reqs=0
timestamp=Jan 13, 2013 10:23:21 PM EST|domain=mydomain|server=myserver2|jms_server=wlsbJMSServer_auto_2|jms_current_messages_count=0|jms_pending_messages_count=0|jms_current_connection_count=28
timestamp=Jan 13, 2013 10:23:21 PM EST|domain=mydomain|server=myserver2|jms_server=JMSServer3|jms_current_messages_count=0|jms_pending_messages_count=0|jms_current_connection_count=28
timestamp=Jan 13, 2013 10:23:21 PM EST|domain=mydomain|server=myserver2|jdbc_datasource_name=wls_rac3|jdbc_active_connection_count=0|jdbc_connection_waiting_count=0|jdbc_available_connections=1
timestamp=Jan 13, 2013 10:23:21 PM EST|domain=mydomain|server=myserver2|jdbc_datasource_name=wls_rac4|jdbc_active_connection_count=0|jdbc_connection_waiting_count=0|jdbc_available_connections=1
timestamp=Jan 13, 2013 10:23:21 PM EST|domain=mydomain|server=myserver2|jdbc_datasource_name=wls_rac2|jdbc_active_connection_count=0|jdbc_connection_waiting_count=0|jdbc_available_connections=1
timestamp=Jan 13, 2013 10:23:21 PM EST|domain=mydomain|server=myserver2|jdbc_datasource_name=wls_rac1|jdbc_active_connection_count=0|jdbc_connection_waiting_count=0|jdbc_available_connections=1
timestamp=Jan 13, 2013 10:23:22 PM EST|domain=mydomain|server=myserver2|app=myApplication|app_state=STATE_ACTIVE
timestamp=Jan 13, 2013 10:23:22 PM EST|domain=mydomain|server=myserver2|app=myApplication|app_state=STATE_ACTIVE
timestamp=Jan 13, 2013 10:23:22 PM EST|domain=mydomain|server=myserver2|app=myApplication|app_state=STATE_ACTIVE
timestamp=Jan 13, 2013 10:23:22 PM EST|domain=mydomain|server=myserver2|app=myApplication|app_state=STATE_ACTIVE
timestamp=Jan 13, 2013 10:23:22 PM EST|domain=mydomain|server=myserver2|app=myApplication|app_state=STATE_ACTIVE
timestamp=Jan 13, 2013 10:23:22 PM EST|domain=mydomain|server=myserver2|app=myApplication|app_state=STATE_ACTIVE
timestamp=Jan 13, 2013 10:23:22 PM EST|domain=mydomain|server=myserver2|app=myApplication|app_state=STATE_ACTIVE
timestamp=Jan 13, 2013 10:23:22 PM EST|domain=mydomain|server=myserver2|app=myApplication|app_state=STATE_ACTIVE
timestamp=Jan 13, 2013 10:23:22 PM EST|domain=mydomain|server=myserver2|app=myApplication|app_state=STATE_ACTIVE
timestamp=Jan 13, 2013 10:23:22 PM EST|domain=mydomain|server=myserver2|app=myApplication|app_state=STATE_ACTIVE
timestamp=Jan 13, 2013 10:23:22 PM EST|domain=mydomain|server=myserver2|app=myApplication|app_state=STATE_ACTIVE
timestamp=Jan 13, 2013 10:23:22 PM EST|domain=mydomain|server=myserver2|app=myApplication|app_state=STATE_ACTIVE
timestamp=Jan 13, 2013 10:23:22 PM EST|domain=mydomain|server=myserver2|app=myApplication|app_state=STATE_ACTIVE
timestamp=Jan 13, 2013 10:23:22 PM EST|domain=mydomain|server=myserver2|app=myApplication|app_state=STATE_ACTIVE
timestamp=Jan 13, 2013 10:23:22 PM EST|domain=mydomain|server=myserver2|app=myApplication|app_state=STATE_ACTIVE
timestamp=Jan 13, 2013 10:23:22 PM EST|domain=mydomain|server=myserver2|app=myApplication|app_state=STATE_ACTIVE
timestamp=Jan 13, 2013 10:23:22 PM EST|domain=mydomain|server=myserver2|app=myApplication|app_state=STATE_ACTIVE
timestamp=Jan 13, 2013 10:23:22 PM EST|domain=mydomain|server=myserver2|app=myApplication|app_state=STATE_ACTIVE
timestamp=Jan 13, 2013 10:23:22 PM EST|domain=mydomain|server=myserver2|app=myApplication|app_state=STATE_ACTIVE
timestamp=Jan 13, 2013 10:23:22 PM EST|domain=mydomain|server=myserver2|app=myApplication|app_state=STATE_ACTIVE
timestamp=Jan 13, 2013 10:23:22 PM EST|domain=mydomain|server=myserver2|app=myApplication|app_state=STATE_ACTIVE
timestamp=Jan 13, 2013 10:23:22 PM EST|domain=mydomain|server=myserver2|app=myApplication|app_state=STATE_ACTIVE
timestamp=Jan 13, 2013 10:23:22 PM EST|domain=mydomain|server=myserver2|app=myApplication|app_state=STATE_ACTIVE
timestamp=Jan 13, 2013 10:23:22 PM EST|domain=mydomain|server=myserver2|app=myApplication|app_state=STATE_ACTIVE
timestamp=Jan 13, 2013 10:23:22 PM EST|domain=mydomain|server=myserver2|app=myApplication|app_state=STATE_ACTIVE
timestamp=Jan 13, 2013 10:23:22 PM EST|domain=mydomain|server=myserver2|app=myApplication|app_state=STATE_ACTIVE
timestamp=Jan 13, 2013 10:23:22 PM EST|domain=mydomain|server=myserver2|app=myApplication|app_state=STATE_ACTIVE
timestamp=Jan 13, 2013 10:23:22 PM EST|domain=mydomain|server=myserver2|app=myApplication|app_state=STATE_ACTIVE
timestamp=Jan 13, 2013 10:23:22 PM EST|domain=mydomain|server=myserver2|app=myApplication|app_state=STATE_ACTIVE
timestamp=Jan 13, 2013 10:23:22 PM EST|domain=mydomain|server=myserver2|app=myApplication|app_state=STATE_NEW
timestamp=Jan 13, 2013 10:23:22 PM EST|domain=mydomain|server=myserver2|app=myApplication|app_state=STATE_ACTIVE
timestamp=Jan 13, 2013 10:23:22 PM EST|domain=mydomain|server=myserver2|app=myApplication|app_state=STATE_ACTIVE
timestamp=Jan 13, 2013 10:23:22 PM EST|domain=mydomain|server=myserver2|app=myApplication|app_state=STATE_ACTIVE
timestamp=Jan 13, 2013 10:23:22 PM EST|domain=mydomain|server=myserver2|app=myApplication|app_state=STATE_ACTIVE
timestamp=Jan 13, 2013 10:23:22 PM EST|domain=mydomain|server=myserver2|app=myApplication|app_state=STATE_ACTIVE
timestamp=Jan 13, 2013 10:23:22 PM EST|domain=mydomain|server=myserver2|app=myApplication|app_state=STATE_ACTIVE
timestamp=Jan 13, 2013 10:23:22 PM EST|domain=mydomain|server=myserver2|app=myApplication|app_state=STATE_ACTIVE
timestamp=Jan 13, 2013 10:23:22 PM EST|domain=mydomain|server=myserver2|app=myApplication|app_state=STATE_ACTIVE
timestamp=Jan 13, 2013 10:23:22 PM EST|domain=mydomain|server=myserver2|app=myApplication|app_state=STATE_ACTIVE
timestamp=Jan 13, 2013 10:23:22 PM EST|domain=mydomain|server=myserver2|app=myApplication|app_state=STATE_ACTIVE
timestamp=Jan 13, 2013 10:23:22 PM EST|domain=mydomain|server=myserver2|app=myApplication|app_state=STATE_ACTIVE
timestamp=Jan 13, 2013 10:23:22 PM EST|domain=mydomain|server=myserver2|app=myApplication|app_state=STATE_ACTIVE
timestamp=Jan 13, 2013 10:23:22 PM EST|domain=mydomain|server=myserver2|app=myApplication|app_state=STATE_ACTIVE
timestamp=Jan 13, 2013 10:23:22 PM EST|domain=mydomain|server=myserver2|app=myApplication|app_state=STATE_ACTIVE
timestamp=Jan 13, 2013 10:23:22 PM EST|domain=mydomain|server=myserver2|app=myApplication|app_state=STATE_ACTIVE
timestamp=Jan 13, 2013 10:23:22 PM EST|domain=mydomain|server=myserver2|app=myApplication|app_state=STATE_ACTIVE
timestamp=Jan 13, 2013 10:23:22 PM EST|domain=mydomain|server=myserver2|app=myApplication|app_state=STATE_ACTIVE
timestamp=Jan 13, 2013 10:23:22 PM EST|domain=mydomain|server=myserver2|app=myApplication|app_state=STATE_ACTIVE
timestamp=Jan 13, 2013 10:23:22 PM EST|domain=mydomain|server=myserver2|app=myApplication|app_state=STATE_ACTIVE
timestamp=Jan 13, 2013 10:23:22 PM EST|domain=mydomain|server=myserver2|app=myApplication|app_state=STATE_ACTIVE
timestamp=Jan 13, 2013 10:23:22 PM EST|domain=mydomain|server=myserver2|app=myApplication|app_state=STATE_ACTIVE
timestamp=Jan 13, 2013 10:23:22 PM EST|domain=mydomain|server=myserver2|app=myApplication|app_state=STATE_ACTIVE
timestamp=Jan 13, 2013 10:23:22 PM EST|domain=mydomain|server=myserver2|app=myApplication|app_state=STATE_ACTIVE
timestamp=Jan 13, 2013 10:23:22 PM EST|domain=mydomain|server=myserver2|app=myApplication|app_state=STATE_ACTIVE
timestamp=Jan 13, 2013 10:23:22 PM EST|domain=mydomain|server=myserver2|app=myApplication|app_state=STATE_ACTIVE
timestamp=Jan 13, 2013 10:23:22 PM EST|domain=mydomain|server=myserver2|app=myApplication|app_state=STATE_ACTIVE
timestamp=Jan 13, 2013 10:23:22 PM EST|domain=mydomain|server=myserver2|app=myApplication|app_state=STATE_ACTIVE
timestamp=Jan 13, 2013 10:23:22 PM EST|domain=mydomain|server=myserver2|app=myApplication|app_state=STATE_ACTIVE
timestamp=Jan 13, 2013 10:23:22 PM EST|domain=mydomain|server=myserver2|app=myApplication|app_state=STATE_ACTIVE
timestamp=Jan 13, 2013 10:23:22 PM EST|domain=mydomain|server=myserver2|app=myApplication|app_state=STATE_ACTIVE
timestamp=Jan 13, 2013 10:23:22 PM EST|domain=mydomain|server=myserver2|app=myApplication|app_state=STATE_ACTIVE
timestamp=Jan 13, 2013 10:23:22 PM EST|domain=mydomain|server=myserver2|app=myApplication|app_state=STATE_ACTIVE
timestamp=Jan 13, 2013 10:23:22 PM EST|domain=mydomain|server=myserver2|app=myApplication|app_state=STATE_ACTIVE
timestamp=Jan 13, 2013 10:23:22 PM EST|domain=mydomain|server=myserver2|app=myApplication|app_state=STATE_ACTIVE
timestamp=Jan 13, 2013 10:23:22 PM EST|domain=mydomain|server=myserver2|app=myApplication|app_state=STATE_ACTIVE
timestamp=Jan 13, 2013 10:23:22 PM EST|domain=mydomain|server=myserver2|app=myApplication|app_state=STATE_ACTIVE
timestamp=Jan 13, 2013 10:23:22 PM EST|domain=mydomain|server=myserver2|app=myApplication|app_state=STATE_ACTIVE
timestamp=Jan 13, 2013 10:23:22 PM EST|domain=mydomain|server=myserver2|app=myApplication|app_state=STATE_ACTIVE
timestamp=Jan 13, 2013 10:23:22 PM EST|domain=mydomain|server=myserver2|app=myApplication|app_state=STATE_ACTIVE
timestamp=Jan 13, 2013 10:23:22 PM EST|domain=mydomain|server=myserver2|app=myApplication|app_state=STATE_ACTIVE
timestamp=Jan 13, 2013 10:23:22 PM EST|domain=mydomain|server=myserver2|app=myApplication|app_state=STATE_ACTIVE
timestamp=Jan 13, 2013 10:23:22 PM EST|domain=mydomain|server=myserver2|app=myApplication|app_state=STATE_ACTIVE
timestamp=Jan 13, 2013 10:23:22 PM EST|domain=mydomain|server=myserver2|app=myApplication|app_state=STATE_ACTIVE
timestamp=Jan 13, 2013 10:23:22 PM EST|domain=mydomain|server=myserver2|app=myApplication|app_state=STATE_ACTIVE
timestamp=Jan 13, 2013 10:23:22 PM EST|domain=mydomain|server=myserver2|app=myApplication|app_state=STATE_ACTIVE
timestamp=Jan 13, 2013 10:23:22 PM EST|domain=mydomain|server=myserver2|app=myApplication|app_state=STATE_ACTIVE
timestamp=Jan 13, 2013 10:23:22 PM EST|domain=mydomain|server=myserver2|app=myApplication|app_state=STATE_ACTIVE
timestamp=Jan 13, 2013 10:23:22 PM EST|domain=mydomain|server=myserver2|app=myApplication|app_state=STATE_ACTIVE
timestamp=Jan 13, 2013 10:23:23 PM EST|domain=mydomain|server=myserver2|app=myApplication|app_state=STATE_ACTIVE
timestamp=Jan 13, 2013 10:23:23 PM EST|domain=mydomain|server=myserver2|app=myApplication|app_state=STATE_ACTIVE
timestamp=Jan 13, 2013 10:23:23 PM EST|domain=mydomain|server=myserver2|app=myApplication|app_state=STATE_ACTIVE
timestamp=Jan 13, 2013 10:23:23 PM EST|domain=mydomain|server=myserver2|app=myApplication|app_state=STATE_ACTIVE
timestamp=Jan 13, 2013 10:23:23 PM EST|domain=mydomain|server=myserver2|app=myApplication|app_state=STATE_ACTIVE
timestamp=Jan 13, 2013 10:23:23 PM EST|domain=mydomain|server=myserver2|app=myApplication|app_state=STATE_ACTIVE
timestamp=Jan 13, 2013 10:23:23 PM EST|domain=mydomain|server=myserver2|app=myApplication|app_state=STATE_ACTIVE
timestamp=Jan 13, 2013 10:23:23 PM EST|domain=mydomain|server=myserver2|app=myApplication|app_state=STATE_ACTIVE
timestamp=Jan 13, 2013 10:23:23 PM EST|domain=mydomain|server=myserver2|app=myApplication|app_state=STATE_ACTIVE
timestamp=Jan 13, 2013 10:23:23 PM EST|domain=mydomain|server=myserver2|app=myApplication|app_state=STATE_ACTIVE
timestamp=Jan 13, 2013 10:23:23 PM EST|domain=mydomain|server=myserver2|app=myApplication|app_state=STATE_ACTIVE
timestamp=Jan 13, 2013 10:23:23 PM EST|domain=mydomain|server=myserver2|app=myApplication|app_state=STATE_ACTIVE
timestamp=Jan 13, 2013 10:23:23 PM EST|domain=mydomain|server=myserver2|app=myApplication|app_state=STATE_ACTIVE
timestamp=Jan 13, 2013 10:23:23 PM EST|domain=mydomain|server=myserver2|app=myApplication|app_state=STATE_ACTIVE
timestamp=Jan 13, 2013 10:23:23 PM EST|domain=mydomain|server=myserver2|app=myApplication|app_state=None
timestamp=Jan 13, 2013 10:23:23 PM EST|domain=mydomain|server=myserver2|app=myApplication|app_state=STATE_ACTIVE
timestamp=Jan 13, 2013 10:23:23 PM EST|domain=mydomain|server=myserver2|app=myApplication|app_state=STATE_ACTIVE
timestamp=Jan 13, 2013 10:23:23 PM EST|domain=mydomain|server=myserver2|app=myApplication|app_state=STATE_ACTIVE
timestamp=Jan 13, 2013 10:23:23 PM EST|domain=mydomain|server=myserver2|app=myApplication|app_state=STATE_ACTIVE
timestamp=Jan 13, 2013 10:23:23 PM EST|domain=mydomain|server=myserver2|app=myApplication|app_state=STATE_ACTIVE
timestamp=Jan 13, 2013 10:23:23 PM EST|domain=mydomain|server=myserver2|app=myApplication|app_state=STATE_ACTIVE
timestamp=Jan 13, 2013 10:23:23 PM EST|domain=mydomain|server=myserver2|app=myApplication|app_state=STATE_ACTIVE
timestamp=Jan 13, 2013 10:23:23 PM EST|domain=mydomain|server=myserver2|app=myApplication|app_state=STATE_ACTIVE
timestamp=Jan 13, 2013 10:23:23 PM EST|domain=mydomain|server=myserver2|app=myApplication|app_state=STATE_ACTIVE
timestamp=Jan 13, 2013 10:23:23 PM EST|domain=mydomain|server=myserver2|app=myApplication|app_state=STATE_ACTIVE
timestamp=Jan 13, 2013 10:23:23 PM EST|domain=mydomain|server=myserver2|app=myApplication|app_state=STATE_ACTIVE
timestamp=Jan 13, 2013 10:23:23 PM EST|domain=mydomain|server=myserver2|app=myApplication|app_state=STATE_ACTIVE
timestamp=Jan 13, 2013 10:23:23 PM EST|domain=mydomain|server=myserver2|app=myApplication|app_state=STATE_ACTIVE
timestamp=Jan 13, 2013 10:23:23 PM EST|domain=mydomain|server=myserver2|app=myApplication|app_state=STATE_ACTIVE
timestamp=Jan 13, 2013 10:23:23 PM EST|domain=mydomain|server=myserver2|app=myApplication|app_state=STATE_ACTIVE
timestamp=Jan 13, 2013 10:23:23 PM EST|domain=mydomain|server=myserver2|app=myApplication|app_state=STATE_ACTIVE
timestamp=Jan 13, 2013 10:23:23 PM EST|domain=mydomain|server=myserver2|app=myApplication|app_state=STATE_ACTIVE
timestamp=Jan 13, 2013 10:23:23 PM EST|domain=mydomain|server=myserver2|app=myApplication|app_state=STATE_ACTIVE
timestamp=Jan 13, 2013 10:23:23 PM EST|domain=mydomain|server=myserver2|app=myApplication|app_state=STATE_ACTIVE
timestamp=Jan 13, 2013 10:23:23 PM EST|domain=mydomain|server=myserver2|app=myApplication|app_state=STATE_ACTIVE
timestamp=Jan 13, 2013 10:23:23 PM EST|domain=mydomain|server=myserver2|app=myApplication|app_state=STATE_ACTIVE
timestamp=Jan 13, 2013 10:23:23 PM EST|domain=mydomain|server=myserver2|app=myApplication|app_state=STATE_ACTIVE
timestamp=Jan 13, 2013 10:23:23 PM EST|domain=mydomain|server=myserver2|app=myApplication|app_state=STATE_ACTIVE
timestamp=Jan 13, 2013 10:23:23 PM EST|domain=mydomain|server=myserver2|app=myApplication|app_state=STATE_ACTIVE
timestamp=Jan 13, 2013 10:23:23 PM EST|domain=mydomain|server=myserver2|app=myApplication|app_state=STATE_ACTIVE
timestamp=Jan 13, 2013 10:23:23 PM EST|domain=mydomain|server=myserver2|app=myApplication|app_state=STATE_ACTIVE
timestamp=Jan 13, 2013 10:23:23 PM EST|domain=mydomain|server=myserver2|app=myApplication|app_state=STATE_ACTIVE
timestamp=Jan 13, 2013 10:23:23 PM EST|domain=mydomain|server=myserver2|app=myApplication|app_state=STATE_ACTIVE
timestamp=Jan 13, 2013 10:26:00 PM EST|domain=mydomain|server=myserver1|server_state=RUNNING|server_health=Component:ServerRuntime,State:HEALTH_OK,MBean:myserver1,ReasonCode:[]
timestamp=Jan 13, 2013 10:26:01 PM EST|domain=mydomain|server=myserver1|heap_size_current=3145728000|heap_free_current=1258309480|heap_free_percent=40
timestamp=Jan 13, 2013 10:26:01 PM EST|domain=mydomain|server=myserver1|throughput=11.482775836245631|total_threads=17|completed_reqs=36104592|hogging_threads=0|pending_reqs=0
timestamp=Jan 13, 2013 10:26:01 PM EST|domain=mydomain|server=myserver1|jms_server=JMSServer1|jms_current_messages_count=0|jms_pending_messages_count=0|jms_current_connection_count=29
timestamp=Jan 13, 2013 10:26:01 PM EST|domain=mydomain|server=myserver1|jms_server=JMSServer2|jms_current_messages_count=0|jms_pending_messages_count=0|jms_current_connection_count=29
timestamp=Jan 13, 2013 10:26:01 PM EST|domain=mydomain|server=myserver1|jdbc_datasource_name=wls_rac3|jdbc_active_connection_count=0|jdbc_connection_waiting_count=0|jdbc_available_connections=1
timestamp=Jan 13, 2013 10:26:01 PM EST|domain=mydomain|server=myserver1|jdbc_datasource_name=wls_rac4|jdbc_active_connection_count=0|jdbc_connection_waiting_count=0|jdbc_available_connections=1
timestamp=Jan 13, 2013 10:26:01 PM EST|domain=mydomain|server=myserver1|jdbc_datasource_name=wls_rac2|jdbc_active_connection_count=0|jdbc_connection_waiting_count=0|jdbc_available_connections=1
timestamp=Jan 13, 2013 10:26:02 PM EST|domain=mydomain|server=myserver1|jdbc_datasource_name=wls_rac1|jdbc_active_connection_count=0|jdbc_connection_waiting_count=0|jdbc_available_connections=1
timestamp=Jan 13, 2013 10:26:02 PM EST|domain=mydomain|server=AdminServer|server_state=RUNNING|server_health=Component:ServerRuntime,State:HEALTH_OK,MBean:AdminServer,ReasonCode:[]
timestamp=Jan 13, 2013 10:26:02 PM EST|domain=mydomain|server=AdminServer|heap_size_current=3145728000|heap_free_current=1338853568|heap_free_percent=42
timestamp=Jan 13, 2013 10:26:02 PM EST|domain=mydomain|server=AdminServer|throughput=17.47378931602596|total_threads=21|completed_reqs=33780247|hogging_threads=0|pending_reqs=0
timestamp=Jan 13, 2013 10:26:02 PM EST|domain=mydomain|server=AdminServer|jdbc_datasource_name=wls_rac5|jdbc_active_connection_count=0|jdbc_connection_waiting_count=0|jdbc_available_connections=5
timestamp=Jan 13, 2013 10:26:02 PM EST|domain=mydomain|server=AdminServer|jdbc_datasource_name=wls_rac2|jdbc_active_connection_count=0|jdbc_connection_waiting_count=0|jdbc_available_connections=1
timestamp=Jan 13, 2013 10:26:02 PM EST|domain=mydomain|server=AdminServer|jdbc_datasource_name=wls_rac1|jdbc_active_connection_count=0|jdbc_connection_waiting_count=0|jdbc_available_connections=1
timestamp=Jan 13, 2013 10:26:02 PM EST|domain=mydomain|server=myserver2|server_state=RUNNING|server_health=Component:ServerRuntime,State:HEALTH_OK,MBean:myserver2,ReasonCode:[]
timestamp=Jan 13, 2013 10:26:02 PM EST|domain=mydomain|server=myserver2|heap_size_current=3145728000|heap_free_current=396675768|heap_free_percent=12
timestamp=Jan 13, 2013 10:26:02 PM EST|domain=mydomain|server=myserver2|server_state=RUNNING|server_health=Component:ServerRuntime,State:HEALTH_OK,MBean:myserver2,ReasonCode:[]
timestamp=Jan 13, 2013 10:26:02 PM EST|domain=mydomain|server=myserver2|heap_size_current=3145728000|heap_free_current=396675768|heap_free_percent=12
timestamp=Jan 13, 2013 10:26:02 PM EST|domain=mydomain|server=myserver2|throughput=8.991008991008991|total_threads=17|completed_reqs=33145193|hogging_threads=0|pending_reqs=0
timestamp=Jan 13, 2013 10:26:02 PM EST|domain=mydomain|server=myserver2|jms_server=wlsbJMSServer_auto_2|jms_current_messages_count=0|jms_pending_messages_count=0|jms_current_connection_count=28
timestamp=Jan 13, 2013 10:26:02 PM EST|domain=mydomain|server=myserver2|jms_server=JMSServer3|jms_current_messages_count=0|jms_pending_messages_count=0|jms_current_connection_count=28
timestamp=Jan 13, 2013 10:26:02 PM EST|domain=mydomain|server=myserver2|jdbc_datasource_name=wls_rac3|jdbc_active_connection_count=0|jdbc_connection_waiting_count=0|jdbc_available_connections=1
timestamp=Jan 13, 2013 10:26:02 PM EST|domain=mydomain|server=myserver2|jdbc_datasource_name=wls_rac4|jdbc_active_connection_count=0|jdbc_connection_waiting_count=0|jdbc_available_connections=1
timestamp=Jan 13, 2013 10:26:02 PM EST|domain=mydomain|server=myserver2|jdbc_datasource_name=wls_rac2|jdbc_active_connection_count=0|jdbc_connection_waiting_count=0|jdbc_available_connections=1
timestamp=Jan 13, 2013 10:26:02 PM EST|domain=mydomain|server=myserver2|jdbc_datasource_name=wls_rac1|jdbc_active_connection_count=0|jdbc_connection_waiting_count=0|jdbc_available_connections=1
timestamp=Jan 13, 2013 10:26:03 PM EST|domain=mydomain|server=myserver2|app=myApplication|app_state=STATE_ACTIVE
timestamp=Jan 13, 2013 10:26:03 PM EST|domain=mydomain|server=myserver2|app=myApplication|app_state=STATE_ACTIVE
timestamp=Jan 13, 2013 10:26:03 PM EST|domain=mydomain|server=myserver2|app=myApplication|app_state=STATE_ACTIVE
timestamp=Jan 13, 2013 10:26:03 PM EST|domain=mydomain|server=myserver2|app=myApplication|app_state=STATE_ACTIVE
timestamp=Jan 13, 2013 10:26:03 PM EST|domain=mydomain|server=myserver2|app=myApplication|app_state=STATE_ACTIVE
timestamp=Jan 13, 2013 10:26:03 PM EST|domain=mydomain|server=myserver2|app=myApplication|app_state=STATE_ACTIVE
timestamp=Jan 13, 2013 10:26:03 PM EST|domain=mydomain|server=myserver2|app=myApplication|app_state=STATE_ACTIVE
timestamp=Jan 13, 2013 10:26:03 PM EST|domain=mydomain|server=myserver2|app=myApplication|app_state=STATE_ACTIVE
timestamp=Jan 13, 2013 10:26:03 PM EST|domain=mydomain|server=myserver2|app=myApplication|app_state=STATE_ACTIVE
timestamp=Jan 13, 2013 10:26:03 PM EST|domain=mydomain|server=myserver2|app=myApplication|app_state=STATE_ACTIVE
timestamp=Jan 13, 2013 10:26:03 PM EST|domain=mydomain|server=myserver2|app=myApplication|app_state=STATE_ACTIVE
timestamp=Jan 13, 2013 10:26:03 PM EST|domain=mydomain|server=myserver2|app=myApplication|app_state=STATE_ACTIVE
timestamp=Jan 13, 2013 10:26:03 PM EST|domain=mydomain|server=myserver2|app=myApplication|app_state=STATE_ACTIVE
timestamp=Jan 13, 2013 10:26:03 PM EST|domain=mydomain|server=myserver2|app=myApplication|app_state=STATE_ACTIVE
timestamp=Jan 13, 2013 10:26:03 PM EST|domain=mydomain|server=myserver2|app=myApplication|app_state=STATE_ACTIVE
timestamp=Jan 13, 2013 10:26:03 PM EST|domain=mydomain|server=myserver2|app=myApplication|app_state=STATE_ACTIVE
timestamp=Jan 13, 2013 10:26:03 PM EST|domain=mydomain|server=myserver2|app=myApplication|app_state=STATE_ACTIVE
timestamp=Jan 13, 2013 10:26:03 PM EST|domain=mydomain|server=myserver2|app=myApplication|app_state=STATE_ACTIVE
timestamp=Jan 13, 2013 10:26:03 PM EST|domain=mydomain|server=myserver2|app=myApplication|app_state=STATE_ACTIVE
timestamp=Jan 13, 2013 10:26:03 PM EST|domain=mydomain|server=myserver2|app=myApplication|app_state=STATE_ACTIVE
timestamp=Jan 13, 2013 10:26:03 PM EST|domain=mydomain|server=myserver2|app=myApplication|app_state=STATE_ACTIVE
timestamp=Jan 13, 2013 10:26:03 PM EST|domain=mydomain|server=myserver2|app=myApplication|app_state=STATE_ACTIVE
timestamp=Jan 13, 2013 10:26:03 PM EST|domain=mydomain|server=myserver2|app=myApplication|app_state=STATE_ACTIVE
timestamp=Jan 13, 2013 10:26:03 PM EST|domain=mydomain|server=myserver2|app=myApplication|app_state=STATE_ACTIVE
timestamp=Jan 13, 2013 10:26:03 PM EST|domain=mydomain|server=myserver2|app=myApplication|app_state=STATE_ACTIVE
timestamp=Jan 13, 2013 10:26:03 PM EST|domain=mydomain|server=myserver2|app=myApplication|app_state=STATE_ACTIVE
timestamp=Jan 13, 2013 10:26:03 PM EST|domain=mydomain|server=myserver2|app=myApplication|app_state=STATE_ACTIVE
timestamp=Jan 13, 2013 10:26:03 PM EST|domain=mydomain|server=myserver2|app=myApplication|app_state=STATE_NEW
timestamp=Jan 13, 2013 10:26:03 PM EST|domain=mydomain|server=myserver2|app=myApplication|app_state=STATE_ACTIVE
timestamp=Jan 13, 2013 10:26:03 PM EST|domain=mydomain|server=myserver2|app=myApplication|app_state=STATE_ACTIVE
timestamp=Jan 13, 2013 10:26:03 PM EST|domain=mydomain|server=myserver2|app=myApplication|app_state=STATE_ACTIVE
timestamp=Jan 13, 2013 10:26:03 PM EST|domain=mydomain|server=myserver2|app=myApplication|app_state=STATE_ACTIVE
timestamp=Jan 13, 2013 10:26:03 PM EST|domain=mydomain|server=myserver2|app=myApplication|app_state=STATE_ACTIVE
timestamp=Jan 13, 2013 10:26:03 PM EST|domain=mydomain|server=myserver2|app=myApplication|app_state=STATE_ACTIVE
timestamp=Jan 13, 2013 10:26:03 PM EST|domain=mydomain|server=myserver2|app=myApplication|app_state=STATE_ACTIVE
timestamp=Jan 13, 2013 10:26:03 PM EST|domain=mydomain|server=myserver2|app=myApplication|app_state=STATE_ACTIVE
timestamp=Jan 13, 2013 10:26:03 PM EST|domain=mydomain|server=myserver2|app=myApplication|app_state=STATE_ACTIVE
timestamp=Jan 13, 2013 10:26:03 PM EST|domain=mydomain|server=myserver2|app=myApplication|app_state=STATE_ACTIVE
timestamp=Jan 13, 2013 10:26:03 PM EST|domain=mydomain|server=myserver2|app=myApplication|app_state=STATE_ACTIVE
timestamp=Jan 13, 2013 10:26:03 PM EST|domain=mydomain|server=myserver2|app=myApplication|app_state=STATE_ACTIVE
timestamp=Jan 13, 2013 10:26:03 PM EST|domain=mydomain|server=myserver2|app=myApplication|app_state=STATE_ACTIVE
timestamp=Jan 13, 2013 10:26:03 PM EST|domain=mydomain|server=myserver2|app=myApplication|app_state=STATE_ACTIVE
timestamp=Jan 13, 2013 10:26:03 PM EST|domain=mydomain|server=myserver2|app=myApplication|app_state=STATE_ACTIVE
timestamp=Jan 13, 2013 10:26:03 PM EST|domain=mydomain|server=myserver2|app=myApplication|app_state=STATE_ACTIVE
timestamp=Jan 13, 2013 10:26:03 PM EST|domain=mydomain|server=myserver2|app=myApplication|app_state=STATE_ACTIVE
timestamp=Jan 13, 2013 10:26:03 PM EST|domain=mydomain|server=myserver2|app=myApplication|app_state=STATE_ACTIVE
timestamp=Jan 13, 2013 10:26:03 PM EST|domain=mydomain|server=myserver2|app=myApplication|app_state=STATE_ACTIVE
timestamp=Jan 13, 2013 10:26:03 PM EST|domain=mydomain|server=myserver2|app=myApplication|app_state=STATE_ACTIVE
timestamp=Jan 13, 2013 10:26:03 PM EST|domain=mydomain|server=myserver2|app=myApplication|app_state=STATE_ACTIVE
timestamp=Jan 13, 2013 10:26:03 PM EST|domain=mydomain|server=myserver2|app=myApplication|app_state=STATE_ACTIVE
timestamp=Jan 13, 2013 10:26:03 PM EST|domain=mydomain|server=myserver2|app=myApplication|app_state=STATE_ACTIVE
timestamp=Jan 13, 2013 10:26:03 PM EST|domain=mydomain|server=myserver2|app=myApplication|app_state=STATE_ACTIVE
timestamp=Jan 13, 2013 10:26:03 PM EST|domain=mydomain|server=myserver2|app=myApplication|app_state=STATE_ACTIVE
timestamp=Jan 13, 2013 10:26:03 PM EST|domain=mydomain|server=myserver2|app=myApplication|app_state=STATE_ACTIVE
timestamp=Jan 13, 2013 10:26:03 PM EST|domain=mydomain|server=myserver2|app=myApplication|app_state=STATE_ACTIVE
timestamp=Jan 13, 2013 10:26:03 PM EST|domain=mydomain|server=myserver2|app=myApplication|app_state=STATE_ACTIVE
timestamp=Jan 13, 2013 10:26:03 PM EST|domain=mydomain|server=myserver2|app=myApplication|app_state=STATE_ACTIVE
timestamp=Jan 13, 2013 10:26:03 PM EST|domain=mydomain|server=myserver2|app=myApplication|app_state=STATE_ACTIVE
timestamp=Jan 13, 2013 10:26:03 PM EST|domain=mydomain|server=myserver2|app=myApplication|app_state=STATE_ACTIVE
timestamp=Jan 13, 2013 10:26:03 PM EST|domain=mydomain|server=myserver2|app=myApplication|app_state=STATE_ACTIVE
timestamp=Jan 13, 2013 10:26:03 PM EST|domain=mydomain|server=myserver2|app=myApplication|app_state=STATE_ACTIVE
timestamp=Jan 13, 2013 10:26:03 PM EST|domain=mydomain|server=myserver2|app=myApplication|app_state=STATE_ACTIVE
timestamp=Jan 13, 2013 10:26:03 PM EST|domain=mydomain|server=myserver2|app=myApplication|app_state=STATE_ACTIVE
timestamp=Jan 13, 2013 10:26:03 PM EST|domain=mydomain|server=myserver2|app=myApplication|app_state=STATE_ACTIVE
timestamp=Jan 13, 2013 10:26:03 PM EST|domain=mydomain|server=myserver2|app=myApplication|app_state=STATE_ACTIVE
timestamp=Jan 13, 2013 10:26:03 PM EST|domain=mydomain|server=myserver2|app=myApplication|app_state=STATE_ACTIVE
timestamp=Jan 13, 2013 10:26:03 PM EST|domain=mydomain|server=myserver2|app=myApplication|app_state=STATE_ACTIVE
timestamp=Jan 13, 2013 10:26:03 PM EST|domain=mydomain|server=myserver2|app=myApplication|app_state=STATE_ACTIVE
timestamp=Jan 13, 2013 10:26:03 PM EST|domain=mydomain|server=myserver2|app=myApplication|app_state=STATE_ACTIVE
timestamp=Jan 13, 2013 10:26:03 PM EST|domain=mydomain|server=myserver2|app=myApplication|app_state=STATE_ACTIVE
timestamp=Jan 13, 2013 10:26:03 PM EST|domain=mydomain|server=myserver2|app=myApplication|app_state=STATE_ACTIVE
timestamp=Jan 13, 2013 10:26:03 PM EST|domain=mydomain|server=myserver2|app=myApplication|app_state=STATE_ACTIVE
timestamp=Jan 13, 2013 10:26:03 PM EST|domain=mydomain|server=myserver2|app=myApplication|app_state=STATE_ACTIVE
timestamp=Jan 13, 2013 10:26:03 PM EST|domain=mydomain|server=myserver2|app=myApplication|app_state=STATE_ACTIVE
timestamp=Jan 13, 2013 10:26:03 PM EST|domain=mydomain|server=myserver2|app=myApplication|app_state=STATE_ACTIVE
timestamp=Jan 13, 2013 10:26:04 PM EST|domain=mydomain|server=myserver2|app=myApplication|app_state=STATE_ACTIVE
timestamp=Jan 13, 2013 10:26:04 PM EST|domain=mydomain|server=myserver2|app=myApplication|app_state=STATE_ACTIVE
timestamp=Jan 13, 2013 10:26:04 PM EST|domain=mydomain|server=myserver2|app=myApplication|app_state=STATE_ACTIVE
timestamp=Jan 13, 2013 10:26:04 PM EST|domain=mydomain|server=myserver2|app=myApplication|app_state=STATE_ACTIVE
timestamp=Jan 13, 2013 10:26:04 PM EST|domain=mydomain|server=myserver2|app=myApplication|app_state=STATE_ACTIVE
timestamp=Jan 13, 2013 10:26:04 PM EST|domain=mydomain|server=myserver2|app=myApplication|app_state=STATE_ACTIVE
timestamp=Jan 13, 2013 10:26:04 PM EST|domain=mydomain|server=myserver2|app=myApplication|app_state=STATE_ACTIVE
timestamp=Jan 13, 2013 10:26:04 PM EST|domain=mydomain|server=myserver2|app=myApplication|app_state=STATE_ACTIVE
timestamp=Jan 13, 2013 10:26:04 PM EST|domain=mydomain|server=myserver2|app=myApplication|app_state=STATE_ACTIVE
timestamp=Jan 13, 2013 10:26:04 PM EST|domain=mydomain|server=myserver2|app=myApplication|app_state=STATE_ACTIVE
timestamp=Jan 13, 2013 10:26:04 PM EST|domain=mydomain|server=myserver2|app=myApplication|app_state=STATE_ACTIVE
timestamp=Jan 13, 2013 10:26:04 PM EST|domain=mydomain|server=myserver2|app=myApplication|app_state=STATE_ACTIVE
timestamp=Jan 13, 2013 10:26:04 PM EST|domain=mydomain|server=myserver2|app=myApplication|app_state=STATE_ACTIVE
timestamp=Jan 13, 2013 10:26:04 PM EST|domain=mydomain|server=myserver2|app=myApplication|app_state=STATE_ACTIVE
timestamp=Jan 13, 2013 10:26:04 PM EST|domain=mydomain|server=myserver2|app=myApplication|app_state=STATE_ACTIVE
timestamp=Jan 13, 2013 10:26:04 PM EST|domain=mydomain|server=myserver2|app=myApplication|app_state=STATE_ACTIVE
timestamp=Jan 13, 2013 10:26:04 PM EST|domain=mydomain|server=myserver2|app=myApplication|app_state=STATE_ACTIVE
timestamp=Jan 13, 2013 10:26:04 PM EST|domain=mydomain|server=myserver2|app=myApplication|app_state=None
timestamp=Jan 13, 2013 10:26:04 PM EST|domain=mydomain|server=myserver2|app=myApplication|app_state=STATE_ACTIVE
timestamp=Jan 13, 2013 10:26:04 PM EST|domain=mydomain|server=myserver2|app=myApplication|app_state=STATE_ACTIVE
timestamp=Jan 13, 2013 10:26:04 PM EST|domain=mydomain|server=myserver2|app=myApplication|app_state=STATE_ACTIVE
timestamp=Jan 13, 2013 10:26:04 PM EST|domain=mydomain|server=myserver2|app=myApplication|app_state=STATE_ACTIVE
timestamp=Jan 13, 2013 10:26:04 PM EST|domain=mydomain|server=myserver2|app=myApplication|app_state=STATE_ACTIVE
timestamp=Jan 13, 2013 10:26:04 PM EST|domain=mydomain|server=myserver2|app=myApplication|app_state=STATE_ACTIVE
timestamp=Jan 13, 2013 10:26:04 PM EST|domain=mydomain|server=myserver2|app=myApplication|app_state=STATE_ACTIVE
timestamp=Jan 13, 2013 10:26:04 PM EST|domain=mydomain|server=myserver2|app=myApplication|app_state=STATE_ACTIVE
timestamp=Jan 13, 2013 10:26:04 PM EST|domain=mydomain|server=myserver2|app=myApplication|app_state=STATE_ACTIVE
timestamp=Jan 13, 2013 10:26:04 PM EST|domain=mydomain|server=myserver2|app=myApplication|app_state=STATE_ACTIVE
timestamp=Jan 13, 2013 10:26:04 PM EST|domain=mydomain|server=myserver2|app=myApplication|app_state=STATE_ACTIVE
timestamp=Jan 13, 2013 10:26:04 PM EST|domain=mydomain|server=myserver2|app=myApplication|app_state=STATE_ACTIVE
timestamp=Jan 13, 2013 10:26:04 PM EST|domain=mydomain|server=myserver2|app=myApplication|app_state=STATE_ACTIVE
timestamp=Jan 13, 2013 10:26:04 PM EST|domain=mydomain|server=myserver2|app=myApplication|app_state=STATE_ACTIVE
timestamp=Jan 13, 2013 10:26:04 PM EST|domain=mydomain|server=myserver2|app=myApplication|app_state=STATE_ACTIVE
timestamp=Jan 13, 2013 10:26:04 PM EST|domain=mydomain|server=myserver2|app=myApplication|app_state=STATE_ACTIVE
timestamp=Jan 13, 2013 10:26:04 PM EST|domain=mydomain|server=myserver2|app=myApplication|app_state=STATE_ACTIVE
timestamp=Jan 13, 2013 10:26:04 PM EST|domain=mydomain|server=myserver2|app=myApplication|app_state=STATE_ACTIVE
timestamp=Jan 13, 2013 10:26:04 PM EST|domain=mydomain|server=myserver2|app=myApplication|app_state=STATE_ACTIVE
timestamp=Jan 13, 2013 10:26:04 PM EST|domain=mydomain|server=myserver2|app=myApplication|app_state=STATE_ACTIVE
timestamp=Jan 13, 2013 10:26:04 PM EST|domain=mydomain|server=myserver2|app=myApplication|app_state=STATE_ACTIVE
timestamp=Jan 13, 2013 10:26:04 PM EST|domain=mydomain|server=myserver2|app=myApplication|app_state=STATE_ACTIVE
timestamp=Jan 13, 2013 10:26:04 PM EST|domain=mydomain|server=myserver2|app=myApplication|app_state=STATE_ACTIVE
timestamp=Jan 13, 2013 10:26:04 PM EST|domain=mydomain|server=myserver2|app=myApplication|app_state=STATE_ACTIVE
timestamp=Jan 13, 2013 10:26:04 PM EST|domain=mydomain|server=myserver2|app=myApplication|app_state=STATE_ACTIVE
timestamp=Jan 13, 2013 10:26:04 PM EST|domain=mydomain|server=myserver2|app=myApplication|app_state=STATE_ACTIVE
timestamp=Jan 13, 2013 10:30:59 PM EST|domain=mydomain|server=myserver1|server_state=RUNNING|server_health=Component:ServerRuntime,State:HEALTH_OK,MBean:myserver1,ReasonCode:[]
timestamp=Jan 13, 2013 10:31:01 PM EST|domain=mydomain|server=myserver1|heap_size_current=3145728000|heap_free_current=1347186040|heap_free_percent=42
timestamp=Jan 13, 2013 10:31:01 PM EST|domain=mydomain|server=myserver1|throughput=10.989010989010989|total_threads=17|completed_reqs=36107715|hogging_threads=0|pending_reqs=0
timestamp=Jan 13, 2013 10:31:01 PM EST|domain=mydomain|server=myserver1|jms_server=JMSServer1|jms_current_messages_count=0|jms_pending_messages_count=0|jms_current_connection_count=29
timestamp=Jan 13, 2013 10:31:01 PM EST|domain=mydomain|server=myserver1|jms_server=JMSServer2|jms_current_messages_count=0|jms_pending_messages_count=0|jms_current_connection_count=29
timestamp=Jan 13, 2013 10:31:01 PM EST|domain=mydomain|server=myserver1|jdbc_datasource_name=wls_rac3|jdbc_active_connection_count=0|jdbc_connection_waiting_count=0|jdbc_available_connections=1
timestamp=Jan 13, 2013 10:31:01 PM EST|domain=mydomain|server=myserver1|jdbc_datasource_name=wls_rac4|jdbc_active_connection_count=0|jdbc_connection_waiting_count=0|jdbc_available_connections=1

