timestamp=Jan 13, 2013 10:17:38 PM EST|domain=mydomain|server=myserver1|server_state=RUNNING|server_health=Component:ServerRuntime,State:HEALTH_OK,MBean:myserver1,ReasonCode:[]
timestamp=Jan 13, 2013 10:17:40 PM EST|domain=mydomain|server=myserver1|throughput=39.44083874188717|total_threads=17|completed_reqs=36099204
timestamp=Jan 13, 2013 10:17:40 PM EST|domain=mydomain|server=myserver1|jms_health=Component:null,State:HEALTH_OK,MBean:null,ReasonCode:[]|jms_server_count=3|jms_total_connections=29
timestamp=Jan 13, 2013 10:17:41 PM EST|domain=mydomain|server=myserver1|jms_server=JMSServer2|jms_messages_received_count=0|jms_destination_count=8
timestamp=Jan 13, 2013 10:17:41 PM EST|domain=mydomain|server=myserver1|jms_server=JMSServer3|jms_messages_received_count=0|jms_destination_count=2
timestamp=Jan 13, 2013 10:17:41 PM EST|domain=mydomain|server=myserver1|jdbc_datasource_name=wls_rac4|jdbc_connection_count=1
timestamp=Jan 13, 2013 10:17:41 PM EST|domain=mydomain|server=myserver1|jdbc_datasource_name=wls_rac5|jdbc_connection_count=1
timestamp=Jan 13, 2013 10:17:41 PM EST|domain=mydomain|server=myserver1|jdbc_datasource_name=wls_rac2|jdbc_connection_count=1
timestamp=Jan 13, 2013 10:17:41 PM EST|domain=mydomain|server=myserver1|jdbc_datasource_name=wls_rac1|jdbc_connection_count=1
timestamp=Jan 13, 2013 10:17:41 PM EST|domain=mydomain|server=AdminServer|server_state=RUNNING|server_health=Component:ServerRuntime,State:HEALTH_OK,MBean:AdminServer,ReasonCode:[]
timestamp=Jan 13, 2013 10:17:41 PM EST|domain=mydomain|server=AdminServer|throughput=105.94702648675663|total_threads=21|completed_reqs=33773535
timestamp=Jan 13, 2013 10:17:41 PM EST|domain=mydomain|server=AdminServer|jms_health=Component:null,State:HEALTH_OK,MBean:null,ReasonCode:[]|jms_server_count=0|jms_total_connections=0
timestamp=Jan 13, 2013 10:17:41 PM EST|domain=mydomain|server=AdminServer|jdbc_datasource_name=wls_rac3|jdbc_connection_count=5
timestamp=Jan 13, 2013 10:17:41 PM EST|domain=mydomain|server=AdminServer|jdbc_datasource_name=wls_rac2|jdbc_connection_count=1
timestamp=Jan 13, 2013 10:17:41 PM EST|domain=mydomain|server=AdminServer|jdbc_datasource_name=wls_rac1|jdbc_connection_count=1
timestamp=Jan 13, 2013 10:17:41 PM EST|domain=mydomain|server=myserver2|server_state=RUNNING|server_health=Component:ServerRuntime,State:HEALTH_OK,MBean:myserver2,ReasonCode:[]
timestamp=Jan 13, 2013 10:17:41 PM EST|domain=mydomain|server=myserver2|throughput=40.95904095904096|total_threads=17|completed_reqs=33139636
timestamp=Jan 13, 2013 10:17:42 PM EST|domain=mydomain|server=myserver2|jms_health=Component:null,State:HEALTH_OK,MBean:null,ReasonCode:[]|jms_server_count=3|jms_total_connections=28
timestamp=Jan 13, 2013 10:17:42 PM EST|domain=mydomain|server=myserver2|jms_server=JMSServer1|jms_messages_received_count=0|jms_destination_count=7
timestamp=Jan 13, 2013 10:17:42 PM EST|domain=mydomain|server=myserver2|jms_server=JMSServer4|jms_messages_received_count=0|jms_destination_count=2
timestamp=Jan 13, 2013 10:17:42 PM EST|domain=mydomain|server=myserver2|jdbc_datasource_name=wls_rac4|jdbc_connection_count=1
timestamp=Jan 13, 2013 10:17:42 PM EST|domain=mydomain|server=myserver2|jdbc_datasource_name=wls_rac5|jdbc_connection_count=1
timestamp=Jan 13, 2013 10:17:42 PM EST|domain=mydomain|server=myserver2|jdbc_datasource_name=wls_rac2|jdbc_connection_count=1
timestamp=Jan 13, 2013 10:17:42 PM EST|domain=mydomain|server=myserver2|jdbc_datasource_name=wls_rac1|jdbc_connection_count=1
timestamp=Jan 13, 2013 11:15:59 PM EST|domain=mydomain|server=myserver1|server_state=RUNNING|server_health=Component:ServerRuntime,State:HEALTH_OK,MBean:myserver1,ReasonCode:[]
timestamp=Jan 13, 2013 11:16:01 PM EST|domain=mydomain|server=myserver1|throughput=15.976035946080879|total_threads=17|completed_reqs=36135761
timestamp=Jan 13, 2013 11:16:01 PM EST|domain=mydomain|server=myserver1|jms_health=Component:null,State:HEALTH_OK,MBean:null,ReasonCode:[]|jms_server_count=3|jms_total_connections=29
timestamp=Jan 13, 2013 11:16:01 PM EST|domain=mydomain|server=myserver1|jms_server=JMSServer2|jms_messages_received_count=0|jms_destination_count=8
timestamp=Jan 13, 2013 11:16:01 PM EST|domain=mydomain|server=myserver1|jms_server=JMSServer3|jms_messages_received_count=0|jms_destination_count=2
timestamp=Jan 13, 2013 11:16:01 PM EST|domain=mydomain|server=myserver1|jdbc_datasource_name=wls_rac4|jdbc_connection_count=1
timestamp=Jan 13, 2013 11:16:01 PM EST|domain=mydomain|server=myserver1|jdbc_datasource_name=wls_rac5|jdbc_connection_count=1
timestamp=Jan 13, 2013 11:16:01 PM EST|domain=mydomain|server=myserver1|jdbc_datasource_name=wls_rac2|jdbc_connection_count=1
timestamp=Jan 13, 2013 11:16:01 PM EST|domain=mydomain|server=myserver1|jdbc_datasource_name=wls_rac1|jdbc_connection_count=1
timestamp=Jan 13, 2013 11:16:01 PM EST|domain=mydomain|server=AdminServer|server_state=RUNNING|server_health=Component:ServerRuntime,State:HEALTH_OK,MBean:AdminServer,ReasonCode:[]
timestamp=Jan 13, 2013 11:16:01 PM EST|domain=mydomain|server=myserver1|jdbc_datasource_name=wls_rac1|jdbc_connection_count=1
timestamp=Jan 13, 2013 11:16:01 PM EST|domain=mydomain|server=AdminServer|server_state=RUNNING|server_health=Component:ServerRuntime,State:HEALTH_OK,MBean:AdminServer,ReasonCode:[]
timestamp=Jan 13, 2013 11:16:01 PM EST|domain=mydomain|server=AdminServer|throughput=140.2895656515227|total_threads=21|completed_reqs=33815188
timestamp=Jan 13, 2013 11:16:01 PM EST|domain=mydomain|server=AdminServer|jms_health=Component:null,State:HEALTH_OK,MBean:null,ReasonCode:[]|jms_server_count=0|jms_total_connections=0
timestamp=Jan 13, 2013 11:16:02 PM EST|domain=mydomain|server=AdminServer|jdbc_datasource_name=wls_rac3|jdbc_connection_count=5
timestamp=Jan 13, 2013 11:16:02 PM EST|domain=mydomain|server=AdminServer|jdbc_datasource_name=wls_rac2|jdbc_connection_count=1
timestamp=Jan 13, 2013 11:16:02 PM EST|domain=mydomain|server=AdminServer|jdbc_datasource_name=wls_rac1|jdbc_connection_count=1
timestamp=Jan 13, 2013 11:16:02 PM EST|domain=mydomain|server=myserver2|server_state=RUNNING|server_health=Component:ServerRuntime,State:HEALTH_OK,MBean:myserver2,ReasonCode:[]
timestamp=Jan 13, 2013 11:16:02 PM EST|domain=mydomain|server=myserver2|throughput=37.4251497005988|total_threads=17|completed_reqs=33176740
timestamp=Jan 13, 2013 11:16:02 PM EST|domain=mydomain|server=myserver2|jms_health=Component:null,State:HEALTH_OK,MBean:null,ReasonCode:[]|jms_server_count=3|jms_total_connections=28
timestamp=Jan 13, 2013 11:16:02 PM EST|domain=mydomain|server=myserver2|jms_server=JMSServer1|jms_messages_received_count=0|jms_destination_count=7
timestamp=Jan 13, 2013 11:16:02 PM EST|domain=mydomain|server=myserver2|jms_server=JMSServer4|jms_messages_received_count=0|jms_destination_count=2
timestamp=Jan 13, 2013 11:16:02 PM EST|domain=mydomain|server=myserver2|jdbc_datasource_name=wls_rac4|jdbc_connection_count=1
timestamp=Jan 13, 2013 11:16:02 PM EST|domain=mydomain|server=myserver2|jdbc_datasource_name=wls_rac5|jdbc_connection_count=1
timestamp=Jan 13, 2013 11:16:02 PM EST|domain=mydomain|server=myserver2|jdbc_datasource_name=wls_rac2|jdbc_connection_count=1
timestamp=Jan 13, 2013 11:16:02 PM EST|domain=mydomain|server=myserver2|jdbc_datasource_name=wls_rac1|jdbc_connection_count=1
timestamp=Jan 14, 2013 12:15:58 AM EST|domain=mydomain|server=myserver1|server_state=RUNNING|server_health=Component:ServerRuntime,State:HEALTH_OK,MBean:myserver1,ReasonCode:[]
timestamp=Jan 14, 2013 12:15:59 AM EST|domain=mydomain|server=myserver1|throughput=18.48151848151848|total_threads=17|completed_reqs=36173047
timestamp=Jan 14, 2013 12:16:00 AM EST|domain=mydomain|server=myserver1|jms_health=Component:null,State:HEALTH_OK,MBean:null,ReasonCode:[]|jms_server_count=3|jms_total_connections=29
timestamp=Jan 14, 2013 12:16:00 AM EST|domain=mydomain|server=myserver1|jms_server=JMSServer2|jms_messages_received_count=0|jms_destination_count=8
timestamp=Jan 14, 2013 12:16:00 AM EST|domain=mydomain|server=myserver1|jms_server=JMSServer3|jms_messages_received_count=0|jms_destination_count=2
timestamp=Jan 14, 2013 12:16:00 AM EST|domain=mydomain|server=myserver1|jdbc_datasource_name=wls_rac4|jdbc_connection_count=1
timestamp=Jan 14, 2013 12:16:00 AM EST|domain=mydomain|server=myserver1|jdbc_datasource_name=wls_rac5|jdbc_connection_count=1
timestamp=Jan 14, 2013 12:16:00 AM EST|domain=mydomain|server=myserver1|jdbc_datasource_name=wls_rac2|jdbc_connection_count=1
timestamp=Jan 14, 2013 12:16:00 AM EST|domain=mydomain|server=myserver1|jdbc_datasource_name=wls_rac1|jdbc_connection_count=1
timestamp=Jan 14, 2013 12:16:00 AM EST|domain=mydomain|server=AdminServer|server_state=RUNNING|server_health=Component:ServerRuntime,State:HEALTH_OK,MBean:AdminServer,ReasonCode:[]
timestamp=Jan 14, 2013 12:16:00 AM EST|domain=mydomain|server=AdminServer|throughput=50.97451274362819|total_threads=21|completed_reqs=33856578
timestamp=Jan 14, 2013 12:16:00 AM EST|domain=mydomain|server=AdminServer|jms_health=Component:null,State:HEALTH_OK,MBean:null,ReasonCode:[]|jms_server_count=0|jms_total_connections=0
timestamp=Jan 14, 2013 12:16:00 AM EST|domain=mydomain|server=AdminServer|jdbc_datasource_name=wls_rac3|jdbc_connection_count=5
timestamp=Jan 14, 2013 12:16:00 AM EST|domain=mydomain|server=AdminServer|jdbc_datasource_name=wls_rac2|jdbc_connection_count=1
timestamp=Jan 14, 2013 12:16:00 AM EST|domain=mydomain|server=AdminServer|jdbc_datasource_name=wls_rac1|jdbc_connection_count=1
timestamp=Jan 14, 2013 12:16:00 AM EST|domain=mydomain|server=myserver2|server_state=RUNNING|server_health=Component:ServerRuntime,State:HEALTH_OK,MBean:myserver2,ReasonCode:[]
timestamp=Jan 14, 2013 12:16:00 AM EST|domain=mydomain|server=myserver2|throughput=8.491508491508492|total_threads=17|completed_reqs=33214388
timestamp=Jan 14, 2013 12:16:00 AM EST|domain=mydomain|server=myserver2|jms_health=Component:null,State:HEALTH_OK,MBean:null,ReasonCode:[]|jms_server_count=3|jms_total_connections=28
timestamp=Jan 14, 2013 12:16:00 AM EST|domain=mydomain|server=myserver2|throughput=8.491508491508492|total_threads=17|completed_reqs=33214388
timestamp=Jan 14, 2013 12:16:00 AM EST|domain=mydomain|server=myserver2|jms_health=Component:null,State:HEALTH_OK,MBean:null,ReasonCode:[]|jms_server_count=3|jms_total_connections=28
timestamp=Jan 14, 2013 12:16:00 AM EST|domain=mydomain|server=myserver2|jms_server=JMSServer1|jms_messages_received_count=0|jms_destination_count=7
timestamp=Jan 14, 2013 12:16:00 AM EST|domain=mydomain|server=myserver2|jms_server=JMSServer4|jms_messages_received_count=0|jms_destination_count=2
timestamp=Jan 14, 2013 12:16:01 AM EST|domain=mydomain|server=myserver2|jdbc_datasource_name=wls_rac4|jdbc_connection_count=1
timestamp=Jan 14, 2013 12:16:01 AM EST|domain=mydomain|server=myserver2|jdbc_datasource_name=wls_rac5|jdbc_connection_count=1
timestamp=Jan 14, 2013 12:16:01 AM EST|domain=mydomain|server=myserver2|jdbc_datasource_name=wls_rac2|jdbc_connection_count=1
timestamp=Jan 14, 2013 12:16:01 AM EST|domain=mydomain|server=myserver2|jdbc_datasource_name=wls_rac1|jdbc_connection_count=1
timestamp=Jan 14, 2013 01:16:00 AM EST|domain=mydomain|server=myserver1|server_state=RUNNING|server_health=Component:ServerRuntime,State:HEALTH_OK,MBean:myserver1,ReasonCode:[]
timestamp=Jan 14, 2013 01:16:02 AM EST|domain=mydomain|server=myserver1|throughput=51.97401299350325|total_threads=17|completed_reqs=36210498
timestamp=Jan 14, 2013 01:16:02 AM EST|domain=mydomain|server=myserver1|jms_health=Component:null,State:HEALTH_OK,MBean:null,ReasonCode:[]|jms_server_count=3|jms_total_connections=29
timestamp=Jan 14, 2013 01:16:02 AM EST|domain=mydomain|server=myserver1|jms_server=JMSServer2|jms_messages_received_count=0|jms_destination_count=8
timestamp=Jan 14, 2013 01:16:02 AM EST|domain=mydomain|server=myserver1|jms_server=JMSServer3|jms_messages_received_count=0|jms_destination_count=2
timestamp=Jan 14, 2013 01:16:02 AM EST|domain=mydomain|server=myserver1|jdbc_datasource_name=wls_rac4|jdbc_connection_count=1
timestamp=Jan 14, 2013 01:16:02 AM EST|domain=mydomain|server=myserver1|jdbc_datasource_name=wls_rac5|jdbc_connection_count=1
timestamp=Jan 14, 2013 01:16:02 AM EST|domain=mydomain|server=myserver1|jdbc_datasource_name=wls_rac2|jdbc_connection_count=1
timestamp=Jan 14, 2013 01:16:02 AM EST|domain=mydomain|server=myserver1|jdbc_datasource_name=wls_rac1|jdbc_connection_count=1
timestamp=Jan 14, 2013 01:16:02 AM EST|domain=mydomain|server=AdminServer|server_state=RUNNING|server_health=Component:ServerRuntime,State:HEALTH_OK,MBean:AdminServer,ReasonCode:[]
timestamp=Jan 14, 2013 01:16:02 AM EST|domain=mydomain|server=AdminServer|throughput=162.33766233766235|total_threads=21|completed_reqs=33898454
timestamp=Jan 14, 2013 01:16:02 AM EST|domain=mydomain|server=AdminServer|jms_health=Component:null,State:HEALTH_OK,MBean:null,ReasonCode:[]|jms_server_count=0|jms_total_connections=0
timestamp=Jan 14, 2013 01:16:02 AM EST|domain=mydomain|server=AdminServer|jdbc_datasource_name=wls_rac3|jdbc_connection_count=5
timestamp=Jan 14, 2013 01:16:02 AM EST|domain=mydomain|server=AdminServer|jdbc_datasource_name=wls_rac2|jdbc_connection_count=1
timestamp=Jan 14, 2013 01:16:02 AM EST|domain=mydomain|server=AdminServer|jdbc_datasource_name=wls_rac1|jdbc_connection_count=1
timestamp=Jan 14, 2013 01:16:03 AM EST|domain=mydomain|server=myserver2|server_state=RUNNING|server_health=Component:ServerRuntime,State:HEALTH_OK,MBean:myserver2,ReasonCode:[]
timestamp=Jan 14, 2013 01:16:03 AM EST|domain=mydomain|server=myserver2|throughput=36.96303696303696|total_threads=17|completed_reqs=33252278
timestamp=Jan 14, 2013 01:16:03 AM EST|domain=mydomain|server=myserver2|jms_health=Component:null,State:HEALTH_OK,MBean:null,ReasonCode:[]|jms_server_count=3|jms_total_connections=28
timestamp=Jan 14, 2013 01:16:03 AM EST|domain=mydomain|server=myserver2|jms_server=JMSServer1|jms_messages_received_count=0|jms_destination_count=7
timestamp=Jan 14, 2013 01:16:03 AM EST|domain=mydomain|server=myserver2|jms_server=JMSServer4|jms_messages_received_count=0|jms_destination_count=2
timestamp=Jan 14, 2013 01:16:03 AM EST|domain=mydomain|server=myserver2|jdbc_datasource_name=wls_rac4|jdbc_connection_count=1
timestamp=Jan 14, 2013 01:16:03 AM EST|domain=mydomain|server=myserver2|jdbc_datasource_name=wls_rac5|jdbc_connection_count=1
timestamp=Jan 14, 2013 01:16:03 AM EST|domain=mydomain|server=myserver2|jdbc_datasource_name=wls_rac2|jdbc_connection_count=1
timestamp=Jan 14, 2013 01:16:03 AM EST|domain=mydomain|server=myserver2|jdbc_datasource_name=wls_rac1|jdbc_connection_count=1
timestamp=Jan 14, 2013 02:15:59 AM EST|domain=mydomain|server=myserver1|server_state=RUNNING|server_health=Component:ServerRuntime,State:HEALTH_OK,MBean:myserver1,ReasonCode:[]
timestamp=Jan 14, 2013 02:16:00 AM EST|domain=mydomain|server=myserver1|throughput=17.982017982017982|total_threads=17|completed_reqs=36247810
timestamp=Jan 14, 2013 02:15:59 AM EST|domain=mydomain|server=myserver1|server_state=RUNNING|server_health=Component:ServerRuntime,State:HEALTH_OK,MBean:myserver1,ReasonCode:[]
timestamp=Jan 14, 2013 02:16:00 AM EST|domain=mydomain|server=myserver1|throughput=17.982017982017982|total_threads=17|completed_reqs=36247810
timestamp=Jan 14, 2013 02:16:00 AM EST|domain=mydomain|server=myserver1|jms_health=Component:null,State:HEALTH_OK,MBean:null,ReasonCode:[]|jms_server_count=3|jms_total_connections=29
timestamp=Jan 14, 2013 02:16:01 AM EST|domain=mydomain|server=myserver1|jms_server=JMSServer2|jms_messages_received_count=0|jms_destination_count=8
timestamp=Jan 14, 2013 02:16:01 AM EST|domain=mydomain|server=myserver1|jms_server=JMSServer3|jms_messages_received_count=0|jms_destination_count=2
timestamp=Jan 14, 2013 02:16:01 AM EST|domain=mydomain|server=myserver1|jdbc_datasource_name=wls_rac4|jdbc_connection_count=1
timestamp=Jan 14, 2013 02:16:01 AM EST|domain=mydomain|server=myserver1|jdbc_datasource_name=wls_rac5|jdbc_connection_count=1
timestamp=Jan 14, 2013 02:16:01 AM EST|domain=mydomain|server=myserver1|jdbc_datasource_name=wls_rac2|jdbc_connection_count=1
timestamp=Jan 14, 2013 02:16:01 AM EST|domain=mydomain|server=myserver1|jdbc_datasource_name=wls_rac1|jdbc_connection_count=1
timestamp=Jan 14, 2013 02:16:01 AM EST|domain=mydomain|server=AdminServer|server_state=RUNNING|server_health=Component:ServerRuntime,State:HEALTH_OK,MBean:AdminServer,ReasonCode:[]
timestamp=Jan 14, 2013 02:16:01 AM EST|domain=mydomain|server=AdminServer|throughput=49.45054945054945|total_threads=21|completed_reqs=33939942
timestamp=Jan 14, 2013 02:16:01 AM EST|domain=mydomain|server=AdminServer|jms_health=Component:null,State:HEALTH_OK,MBean:null,ReasonCode:[]|jms_server_count=0|jms_total_connections=0
timestamp=Jan 14, 2013 02:16:01 AM EST|domain=mydomain|server=AdminServer|jdbc_datasource_name=wls_rac3|jdbc_connection_count=5
timestamp=Jan 14, 2013 02:16:01 AM EST|domain=mydomain|server=AdminServer|jdbc_datasource_name=wls_rac2|jdbc_connection_count=1
timestamp=Jan 14, 2013 02:16:01 AM EST|domain=mydomain|server=AdminServer|jdbc_datasource_name=wls_rac1|jdbc_connection_count=1
timestamp=Jan 14, 2013 02:16:01 AM EST|domain=mydomain|server=myserver2|server_state=RUNNING|server_health=Component:ServerRuntime,State:HEALTH_OK,MBean:myserver2,ReasonCode:[]
timestamp=Jan 14, 2013 02:16:01 AM EST|domain=mydomain|server=myserver2|throughput=39.01950975487744|total_threads=17|completed_reqs=33289973
timestamp=Jan 14, 2013 02:16:01 AM EST|domain=mydomain|server=myserver2|jms_health=Component:null,State:HEALTH_OK,MBean:null,ReasonCode:[]|jms_server_count=3|jms_total_connections=28
timestamp=Jan 14, 2013 02:16:01 AM EST|domain=mydomain|server=myserver2|jms_server=JMSServer1|jms_messages_received_count=0|jms_destination_count=7
timestamp=Jan 14, 2013 02:16:01 AM EST|domain=mydomain|server=myserver2|jms_server=JMSServer4|jms_messages_received_count=0|jms_destination_count=2
timestamp=Jan 14, 2013 02:16:02 AM EST|domain=mydomain|server=myserver2|jdbc_datasource_name=wls_rac4|jdbc_connection_count=1
timestamp=Jan 14, 2013 02:16:02 AM EST|domain=mydomain|server=myserver2|jdbc_datasource_name=wls_rac5|jdbc_connection_count=1
timestamp=Jan 14, 2013 02:16:02 AM EST|domain=mydomain|server=myserver2|jdbc_datasource_name=wls_rac2|jdbc_connection_count=1
timestamp=Jan 14, 2013 02:16:02 AM EST|domain=mydomain|server=myserver2|jdbc_datasource_name=wls_rac1|jdbc_connection_count=1
timestamp=Jan 14, 2013 03:15:58 AM EST|domain=mydomain|server=myserver1|server_state=RUNNING|server_health=Component:ServerRuntime,State:HEALTH_OK,MBean:myserver1,ReasonCode:[]
timestamp=Jan 14, 2013 03:16:00 AM EST|domain=mydomain|server=myserver1|throughput=18.98101898101898|total_threads=17|completed_reqs=36285178
timestamp=Jan 14, 2013 03:16:00 AM EST|domain=mydomain|server=myserver1|jms_health=Component:null,State:HEALTH_OK,MBean:null,ReasonCode:[]|jms_server_count=3|jms_total_connections=29
timestamp=Jan 14, 2013 03:16:00 AM EST|domain=mydomain|server=myserver1|jms_server=JMSServer2|jms_messages_received_count=0|jms_destination_count=8
timestamp=Jan 14, 2013 03:16:00 AM EST|domain=mydomain|server=myserver1|jms_server=JMSServer3|jms_messages_received_count=0|jms_destination_count=2
timestamp=Jan 14, 2013 03:16:00 AM EST|domain=mydomain|server=myserver1|jdbc_datasource_name=wls_rac4|jdbc_connection_count=1
timestamp=Jan 14, 2013 03:16:00 AM EST|domain=mydomain|server=myserver1|jdbc_datasource_name=wls_rac5|jdbc_connection_count=1
timestamp=Jan 14, 2013 03:16:00 AM EST|domain=mydomain|server=myserver1|jdbc_datasource_name=wls_rac2|jdbc_connection_count=1
timestamp=Jan 14, 2013 03:16:00 AM EST|domain=mydomain|server=myserver1|jdbc_datasource_name=wls_rac1|jdbc_connection_count=1
timestamp=Jan 14, 2013 03:16:00 AM EST|domain=mydomain|server=AdminServer|server_state=RUNNING|server_health=Component:ServerRuntime,State:HEALTH_OK,MBean:AdminServer,ReasonCode:[]
timestamp=Jan 14, 2013 09:20:22 AM EST|domain=mydomain|server=myserver1|throughput=24.475524475524477|total_threads=17|completed_reqs=36513206
timestamp=Jan 14, 2013 09:20:22 AM EST|domain=mydomain|server=myserver1|jms_health=Component:null,State:HEALTH_OK,MBean:null,ReasonCode:[]|jms_server_count=3|jms_total_connections=29
timestamp=Jan 14, 2013 09:20:22 AM EST|domain=mydomain|server=myserver1|jms_server=JMSServer2|jms_messages_received_count=0|jms_destination_count=8
timestamp=Jan 14, 2013 09:20:22 AM EST|domain=mydomain|server=myserver1|jms_server=JMSServer3|jms_messages_received_count=0|jms_destination_count=2
timestamp=Jan 14, 2013 09:20:22 AM EST|domain=mydomain|server=myserver1|jdbc_datasource_name=wls_rac4|jdbc_connection_count=1
timestamp=Jan 14, 2013 09:20:22 AM EST|domain=mydomain|server=myserver1|jdbc_datasource_name=wls_rac5|jdbc_connection_count=1
timestamp=Jan 14, 2013 09:20:22 AM EST|domain=mydomain|server=myserver1|jdbc_datasource_name=wls_rac2|jdbc_connection_count=1
timestamp=Jan 14, 2013 09:20:22 AM EST|domain=mydomain|server=myserver1|jdbc_datasource_name=wls_rac1|jdbc_connection_count=1
timestamp=Jan 14, 2013 09:20:22 AM EST|domain=mydomain|server=AdminServer|server_state=RUNNING|server_health=Component:ServerRuntime,State:HEALTH_OK,MBean:AdminServer,ReasonCode:[]
timestamp=Jan 14, 2013 09:20:22 AM EST|domain=mydomain|server=AdminServer|throughput=96.90309690309691|total_threads=21|completed_reqs=34241541
timestamp=Jan 14, 2013 09:20:22 AM EST|domain=mydomain|server=AdminServer|jms_health=Component:null,State:HEALTH_OK,MBean:null,ReasonCode:[]|jms_server_count=0|jms_total_connections=0
timestamp=Jan 14, 2013 09:20:22 AM EST|domain=mydomain|server=AdminServer|jdbc_datasource_name=wls_rac3|jdbc_connection_count=5
timestamp=Jan 14, 2013 09:20:22 AM EST|domain=mydomain|server=AdminServer|jdbc_datasource_name=wls_rac2|jdbc_connection_count=1
timestamp=Jan 14, 2013 09:20:22 AM EST|domain=mydomain|server=AdminServer|jdbc_datasource_name=wls_rac1|jdbc_connection_count=1
timestamp=Jan 14, 2013 09:20:22 AM EST|domain=mydomain|server=myserver2|server_state=RUNNING|server_health=Component:ServerRuntime,State:HEALTH_OK,MBean:myserver2,ReasonCode:[]
timestamp=Jan 14, 2013 09:20:23 AM EST|domain=mydomain|server=myserver2|throughput=11.988011988011989|total_threads=17|completed_reqs=33559155
timestamp=Jan 14, 2013 09:20:23 AM EST|domain=mydomain|server=myserver2|jms_health=Component:null,State:HEALTH_OK,MBean:null,ReasonCode:[]|jms_server_count=3|jms_total_connections=28
timestamp=Jan 14, 2013 09:20:23 AM EST|domain=mydomain|server=myserver2|jms_server=JMSServer1|jms_messages_received_count=0|jms_destination_count=7
timestamp=Jan 14, 2013 09:20:23 AM EST|domain=mydomain|server=myserver2|jms_server=JMSServer4|jms_messages_received_count=0|jms_destination_count=2
timestamp=Jan 14, 2013 09:20:23 AM EST|domain=mydomain|server=myserver2|jdbc_datasource_name=wls_rac4|jdbc_connection_count=1
timestamp=Jan 14, 2013 09:20:23 AM EST|domain=mydomain|server=myserver2|jdbc_datasource_name=wls_rac5|jdbc_connection_count=1
timestamp=Jan 14, 2013 09:20:23 AM EST|domain=mydomain|server=myserver2|jdbc_datasource_name=wls_rac2|jdbc_connection_count=1
timestamp=Jan 14, 2013 09:20:23 AM EST|domain=mydomain|server=myserver2|jdbc_datasource_name=wls_rac1|jdbc_connection_count=1
timestamp=Jan 14, 2013 10:20:16 AM EST|domain=mydomain|server=myserver1|server_state=RUNNING|server_health=Component:ServerRuntime,State:HEALTH_OK,MBean:myserver1,ReasonCode:[]
timestamp=Jan 14, 2013 10:20:17 AM EST|domain=mydomain|server=myserver1|throughput=59.470264867566215|total_threads=17|completed_reqs=36552815
timestamp=Jan 14, 2013 10:20:17 AM EST|domain=mydomain|server=myserver1|jms_health=Component:null,State:HEALTH_OK,MBean:null,ReasonCode:[]|jms_server_count=3|jms_total_connections=29
timestamp=Jan 14, 2013 10:20:17 AM EST|domain=mydomain|server=myserver1|jms_server=JMSServer2|jms_messages_received_count=0|jms_destination_count=8
timestamp=Jan 14, 2013 10:20:17 AM EST|domain=mydomain|server=myserver1|jms_server=JMSServer3|jms_messages_received_count=0|jms_destination_count=2
timestamp=Jan 14, 2013 10:20:17 AM EST|domain=mydomain|server=myserver1|jdbc_datasource_name=wls_rac4|jdbc_connection_count=1
timestamp=Jan 14, 2013 10:20:17 AM EST|domain=mydomain|server=myserver1|jdbc_datasource_name=wls_rac5|jdbc_connection_count=1
timestamp=Jan 14, 2013 10:20:17 AM EST|domain=mydomain|server=myserver1|jdbc_datasource_name=wls_rac2|jdbc_connection_count=1
timestamp=Jan 14, 2013 10:20:18 AM EST|domain=mydomain|server=myserver1|jdbc_datasource_name=wls_rac1|jdbc_connection_count=1
timestamp=Jan 14, 2013 10:20:18 AM EST|domain=mydomain|server=AdminServer|server_state=RUNNING|server_health=Component:ServerRuntime,State:HEALTH_OK,MBean:AdminServer,ReasonCode:[]
timestamp=Jan 14, 2013 10:20:18 AM EST|domain=mydomain|server=AdminServer|throughput=216.78321678321677|total_threads=21|completed_reqs=34299399
timestamp=Jan 14, 2013 10:20:18 AM EST|domain=mydomain|server=AdminServer|server_state=RUNNING|server_health=Component:ServerRuntime,State:HEALTH_OK,MBean:AdminServer,ReasonCode:[]
timestamp=Jan 14, 2013 10:20:18 AM EST|domain=mydomain|server=AdminServer|throughput=216.78321678321677|total_threads=21|completed_reqs=34299399
timestamp=Jan 14, 2013 10:20:18 AM EST|domain=mydomain|server=AdminServer|jms_health=Component:null,State:HEALTH_OK,MBean:null,ReasonCode:[]|jms_server_count=0|jms_total_connections=0
timestamp=Jan 14, 2013 10:20:18 AM EST|domain=mydomain|server=AdminServer|jdbc_datasource_name=wls_rac3|jdbc_connection_count=5
timestamp=Jan 14, 2013 10:20:18 AM EST|domain=mydomain|server=AdminServer|jdbc_datasource_name=wls_rac2|jdbc_connection_count=1
timestamp=Jan 14, 2013 10:20:18 AM EST|domain=mydomain|server=AdminServer|jdbc_datasource_name=wls_rac1|jdbc_connection_count=1
timestamp=Jan 14, 2013 10:20:18 AM EST|domain=mydomain|server=myserver2|server_state=RUNNING|server_health=Component:ServerRuntime,State:HEALTH_OK,MBean:myserver2,ReasonCode:[]
timestamp=Jan 14, 2013 10:20:18 AM EST|domain=mydomain|server=myserver2|throughput=82.41758241758242|total_threads=17|completed_reqs=33601875
timestamp=Jan 14, 2013 10:20:18 AM EST|domain=mydomain|server=myserver2|jms_health=Component:null,State:HEALTH_OK,MBean:null,ReasonCode:[]|jms_server_count=3|jms_total_connections=28
timestamp=Jan 14, 2013 10:20:18 AM EST|domain=mydomain|server=myserver2|jms_server=JMSServer1|jms_messages_received_count=0|jms_destination_count=7
timestamp=Jan 14, 2013 10:20:18 AM EST|domain=mydomain|server=myserver2|jms_server=JMSServer4|jms_messages_received_count=0|jms_destination_count=2
timestamp=Jan 14, 2013 10:20:18 AM EST|domain=mydomain|server=myserver2|jdbc_datasource_name=wls_rac4|jdbc_connection_count=1
timestamp=Jan 14, 2013 10:20:18 AM EST|domain=mydomain|server=myserver2|jdbc_datasource_name=wls_rac5|jdbc_connection_count=1
timestamp=Jan 14, 2013 10:20:18 AM EST|domain=mydomain|server=myserver2|jdbc_datasource_name=wls_rac2|jdbc_connection_count=1
timestamp=Jan 14, 2013 10:20:18 AM EST|domain=mydomain|server=myserver2|jdbc_datasource_name=wls_rac1|jdbc_connection_count=1
timestamp=Jan 14, 2013 11:20:14 AM EST|domain=mydomain|server=myserver1|server_state=RUNNING|server_health=Component:ServerRuntime,State:HEALTH_OK,MBean:myserver1,ReasonCode:[]
timestamp=Jan 14, 2013 11:20:16 AM EST|domain=mydomain|server=myserver1|throughput=55.94405594405595|total_threads=17|completed_reqs=36592273
timestamp=Jan 14, 2013 11:20:16 AM EST|domain=mydomain|server=myserver1|jms_health=Component:null,State:HEALTH_OK,MBean:null,ReasonCode:[]|jms_server_count=3|jms_total_connections=29
timestamp=Jan 14, 2013 11:20:16 AM EST|domain=mydomain|server=myserver1|jms_server=JMSServer2|jms_messages_received_count=0|jms_destination_count=8
timestamp=Jan 14, 2013 11:20:16 AM EST|domain=mydomain|server=myserver1|jms_server=JMSServer3|jms_messages_received_count=0|jms_destination_count=2
timestamp=Jan 14, 2013 11:20:16 AM EST|domain=mydomain|server=myserver1|jdbc_datasource_name=wls_rac4|jdbc_connection_count=1
timestamp=Jan 14, 2013 11:20:16 AM EST|domain=mydomain|server=myserver1|jdbc_datasource_name=wls_rac5|jdbc_connection_count=1
timestamp=Jan 14, 2013 11:20:16 AM EST|domain=mydomain|server=myserver1|jdbc_datasource_name=wls_rac2|jdbc_connection_count=1
timestamp=Jan 14, 2013 11:20:17 AM EST|domain=mydomain|server=myserver1|jdbc_datasource_name=wls_rac1|jdbc_connection_count=1
timestamp=Jan 14, 2013 11:20:17 AM EST|domain=mydomain|server=AdminServer|server_state=RUNNING|server_health=Component:ServerRuntime,State:HEALTH_OK,MBean:AdminServer,ReasonCode:[]
timestamp=Jan 14, 2013 11:20:17 AM EST|domain=mydomain|server=AdminServer|throughput=152.9006882989184|total_threads=21|completed_reqs=34356066
timestamp=Jan 14, 2013 11:20:17 AM EST|domain=mydomain|server=AdminServer|jms_health=Component:null,State:HEALTH_OK,MBean:null,ReasonCode:[]|jms_server_count=0|jms_total_connections=0
timestamp=Jan 14, 2013 11:20:17 AM EST|domain=mydomain|server=AdminServer|jdbc_datasource_name=wls_rac3|jdbc_connection_count=5
timestamp=Jan 14, 2013 11:20:17 AM EST|domain=mydomain|server=AdminServer|jdbc_datasource_name=wls_rac2|jdbc_connection_count=1
timestamp=Jan 14, 2013 11:20:17 AM EST|domain=mydomain|server=AdminServer|jdbc_datasource_name=wls_rac1|jdbc_connection_count=1
timestamp=Jan 14, 2013 11:20:17 AM EST|domain=mydomain|server=myserver2|server_state=RUNNING|server_health=Component:ServerRuntime,State:HEALTH_OK,MBean:myserver2,ReasonCode:[]
timestamp=Jan 14, 2013 11:20:17 AM EST|domain=mydomain|server=myserver2|throughput=47.952047952047955|total_threads=17|completed_reqs=33644301
timestamp=Jan 14, 2013 11:20:17 AM EST|domain=mydomain|server=myserver2|jms_health=Component:null,State:HEALTH_OK,MBean:null,ReasonCode:[]|jms_server_count=3|jms_total_connections=28
timestamp=Jan 14, 2013 11:20:17 AM EST|domain=mydomain|server=myserver2|jms_server=JMSServer1|jms_messages_received_count=0|jms_destination_count=7
